
F100_boot.bin:     file format binary


Disassembly of section .data:

00000000 <.data>:
       0:	20000200 
       4:	1ffff035 
       8:	1ffff785 
       c:	1ffff787 

__Init1:
      10:	f8df d00c 	ldr.w	sp, [pc, #12]	@ 0x20
      14:	f000 fbba 	bl	0x78c

__sub__0018:
      18:	4800      	ldr	r0, [pc, #0]	@ (0x1c)
      1a:	4700      	bx	r0

      1c:	1ffff361
      20:	20000200      	

      24:	b672      	cpsid	i
      26:	4770      	bx	lr

      28:	b662      	cpsie	i
      2a:	4770      	bx	lr

      2c:	f380 8808 	msr	MSP, r0
      30:	4770      	bx	lr

      32:	0000      	

__Start:
      34:	4800      	ldr	r0, [pc, #0]	@ (0x38)
      36:	4700      	bx	r0

      38:	1ffff011 

      3c:	49ff      	ldr	r1, [pc, #1020]	@ (0x43c)
      3e:	f8a1 0804 	strh.w	r0, [r1, #2052]	@ 0x804

      42:	f8b1 0800 	ldrh.w	r0, [r1, #2048]	@ 0x800
      46:	0640      	lsls	r0, r0, #25
      48:	d5fb      	bpl.n	0x42
      4a:	4770      	bx	lr


      4c:	49fd      	ldr	r1, [pc, #1012]	@ (0x444)
      4e:	48fc      	ldr	r0, [pc, #1008]	@ (0x440)
      50:	6008      	str	r0, [r1, #0]
      52:	4770      	bx	lr


      54:	48fc      	ldr	r0, [pc, #1008]	@ (0x448)

      56:	68c1      	ldr	r1, [r0, #12]
      58:	07c9      	lsls	r1, r1, #31
      5a:	d1fc      	bne.n	0x56
      5c:	4770      	bx	lr


      5e:	48fa      	ldr	r0, [pc, #1000]	@ (0x448)
      60:	49fa      	ldr	r1, [pc, #1000]	@ (0x44c)
      62:	6081      	str	r1, [r0, #8]
      64:	49fa      	ldr	r1, [pc, #1000]	@ (0x450)
      66:	6081      	str	r1, [r0, #8]
      68:	4770      	bx	lr


      6a:	48f7      	ldr	r0, [pc, #988]	@ (0x448)
      6c:	49f7      	ldr	r1, [pc, #988]	@ (0x44c)
      6e:	6041      	str	r1, [r0, #4]
      70:	49f7      	ldr	r1, [pc, #988]	@ (0x450)
      72:	6041      	str	r1, [r0, #4]
      74:	4770      	bx	lr


      76:	b500      	push	{lr}
      78:	f7ff fff7 	bl	0x6a
      7c:	f7ff ffef 	bl	0x5e
      80:	f7ff ffe8 	bl	0x54
      84:	4af0      	ldr	r2, [pc, #960]	@ (0x448)
      86:	6910      	ldr	r0, [r2, #16]
      88:	f040 0020 	orr.w	r0, r0, #32
      8c:	6110      	str	r0, [r2, #16]

      8e:	6910      	ldr	r0, [r2, #16]
      90:	f040 0040 	orr.w	r0, r0, #64	@ 0x40
      94:	6110      	str	r0, [r2, #16]
      96:	f7ff ffdd 	bl	0x54

      9a:	6910      	ldr	r0, [r2, #16]
      9c:	f020 0020 	bic.w	r0, r0, #32
      a0:	6110      	str	r0, [r2, #16]

      a2:	bd00      	pop	{pc}


      a4:	e92d 47f0 	stmdb	sp!, {r4, r5, r6, r7, r8, r9, sl, lr}
      a8:	4682      	mov	sl, r0
      aa:	f7ff ffd3 	bl	0x54

      ae:	4be9      	ldr	r3, [pc, #932]	@ (0x454)
      b0:	881c      	ldrh	r4, [r3, #0]
      b2:	885d      	ldrh	r5, [r3, #2]
      b4:	889e      	ldrh	r6, [r3, #4]
      b6:	88df      	ldrh	r7, [r3, #6]
      b8:	f8b3 c008 	ldrh.w	ip, [r3, #8]
      bc:	f8b3 800a 	ldrh.w	r8, [r3, #10]
      c0:	f8b3 900c 	ldrh.w	r9, [r3, #12]
      c4:	f6a3 0302 	subw	r3, r3, #2050	@ 0x802
      c8:	f7ff ffd5 	bl	0x76
      cc:	f7ff ffcd 	bl	0x6a
      d0:	f7ff ffc5 	bl	0x5e
      d4:	f7ff ffbe 	bl	0x54
      d8:	4adb      	ldr	r2, [pc, #876]	@ (0x448)
      da:	6910      	ldr	r0, [r2, #16]
      dc:	f040 0010 	orr.w	r0, r0, #16
      e0:	6110      	str	r0, [r2, #16]

      e2:	f1ba 0f00 	cmp.w	sl, #0
      e6:	d023      	beq.n	0x130

      e8:	b2e0      	uxtb	r0, r4
      ea:	f503 6300 	add.w	r3, r3, #2048	@ 0x800
      ee:	8058      	strh	r0, [r3, #2]
      f0:	f7ff ffb0 	bl	0x54

      f4:	b2e8      	uxtb	r0, r5
      f6:	8098      	strh	r0, [r3, #4]
      f8:	f7ff ffac 	bl	0x54

      fc:	b2f0      	uxtb	r0, r6
      fe:	80d8      	strh	r0, [r3, #6]
     100:	f7ff ffa8 	bl	0x54

     104:	b2f8      	uxtb	r0, r7
     106:	8118      	strh	r0, [r3, #8]
     108:	f7ff ffa4 	bl	0x54

     10c:	f00c 00ff 	and.w	r0, ip, #255	@ 0xff
     110:	8118      	strh	r0, [r3, #8]
     112:	f7ff ff9f 	bl	0x54

     116:	f008 00ff 	and.w	r0, r8, #255	@ 0xff
     11a:	8118      	strh	r0, [r3, #8]
     11c:	f7ff ff9a 	bl	0x54

     120:	f009 00ff 	and.w	r0, r9, #255	@ 0xff
     124:	8118      	strh	r0, [r3, #8]
     126:	f7ff ff95 	bl	0x54

     12a:	2000      	movs	r0, #0
     12c:	8018      	strh	r0, [r3, #0]
     12e:	e002      	b.n	0x136

     130:	20a5      	movs	r0, #165	@ 0xa5
     132:	f8a3 0800 	strh.w	r0, [r3, #2048]	@ 0x800

     136:	f7ff ff8d 	bl	0x54

     13a:	6910      	ldr	r0, [r2, #16]
     13c:	f020 0010 	bic.w	r0, r0, #16
     140:	6110      	str	r0, [r2, #16]

     142:	e8bd 87f0 	ldmia.w	sp!, {r4, r5, r6, r7, r8, r9, sl, pc}


     146:	49c0      	ldr	r1, [pc, #768]	@ (0x448)
     148:	2000      	movs	r0, #0
     14a:	69c9      	ldr	r1, [r1, #28]
     14c:	0789      	lsls	r1, r1, #30
     14e:	d500      	bpl.n	0x152

     150:	2001      	movs	r0, #1
     152:	4770      	bx	lr


     154:	e92d 47f0 	stmdb	sp!, {r4, r5, r6, r7, r8, r9, sl, lr}
     158:	4bbe      	ldr	r3, [pc, #760]	@ (0x454)
     15a:	1e9b      	subs	r3, r3, #2
     15c:	f8b3 c000 	ldrh.w	ip, [r3]
     160:	f8b3 8002 	ldrh.w	r8, [r3, #2]
     164:	f8b3 9004 	ldrh.w	r9, [r3, #4]
     168:	f8b3 a006 	ldrh.w	sl, [r3, #6]
     16c:	43c0      	mvns	r0, r0
     16e:	b2c4      	uxtb	r4, r0
     170:	f3c0 2507 	ubfx	r5, r0, #8, #8
     174:	f3c0 4607 	ubfx	r6, r0, #16, #8
     178:	0e07      	lsrs	r7, r0, #24
     17a:	f7ff ff7c 	bl	0x76
     17e:	f7ff ff74 	bl	0x6a
     182:	f7ff ff6c 	bl	0x5e
     186:	4ab0      	ldr	r2, [pc, #704]	@ (0x448)
     188:	6910      	ldr	r0, [r2, #16]
     18a:	f040 0010 	orr.w	r0, r0, #16
     18e:	6110      	str	r0, [r2, #16]

     190:	f00c 00ff 	and.w	r0, ip, #255	@ 0xff
     194:	8018      	strh	r0, [r3, #0]

     196:	f7ff ff5d 	bl	0x54

     19a:	f008 00ff 	and.w	r0, r8, #255	@ 0xff
     19e:	8058      	strh	r0, [r3, #2]
     1a0:	f7ff ff58 	bl	0x54
     1a4:	f009 00ff 	and.w	r0, r9, #255	@ 0xff
     1a8:	8098      	strh	r0, [r3, #4]
     1aa:	f7ff ff53 	bl	0x54
     1ae:	f00a 00ff 	and.w	r0, sl, #255	@ 0xff
     1b2:	80d8      	strh	r0, [r3, #6]
     1b4:	f5a3 6300 	sub.w	r3, r3, #2048	@ 0x800
     1b8:	f7ff ff4c 	bl	0x54
     1bc:	2cff      	cmp	r4, #255	@ 0xff
     1be:	d003      	beq.n	0x1c8
     1c0:	f8a3 4808 	strh.w	r4, [r3, #2056]	@ 0x808
     1c4:	f7ff ff46 	bl	0x54
     1c8:	2dff      	cmp	r5, #255	@ 0xff
     1ca:	d003      	beq.n	0x1d4
     1cc:	f8a3 580a 	strh.w	r5, [r3, #2058]	@ 0x80a
     1d0:	f7ff ff40 	bl	0x54
     1d4:	2eff      	cmp	r6, #255	@ 0xff
     1d6:	d003      	beq.n	0x1e0
     1d8:	f8a3 680c 	strh.w	r6, [r3, #2060]	@ 0x80c
     1dc:	f7ff ff3a 	bl	0x54
     1e0:	2fff      	cmp	r7, #255	@ 0xff
     1e2:	d003      	beq.n	0x1ec
     1e4:	f8a3 780e 	strh.w	r7, [r3, #2062]	@ 0x80e
     1e8:	f7ff ff34 	bl	0x54
     1ec:	6910      	ldr	r0, [r2, #16]
     1ee:	f020 0010 	bic.w	r0, r0, #16
     1f2:	6110      	str	r0, [r2, #16]
     1f4:	e7a5      	b.n	0x142
     1f6:	4a91      	ldr	r2, [pc, #580]	@ (0x43c)
     1f8:	f64a 20aa 	movw	r0, #43690	@ 0xaaaa
     1fc:	4996      	ldr	r1, [pc, #600]	@ (0x458)
     1fe:	e000      	b.n	0x202
     200:	6008      	str	r0, [r1, #0]
     202:	f8b2 3800 	ldrh.w	r3, [r2, #2048]	@ 0x800
     206:	069b      	lsls	r3, r3, #26
     208:	d5fa      	bpl.n	0x200
     20a:	f8b2 0804 	ldrh.w	r0, [r2, #2052]	@ 0x804
     20e:	b2c0      	uxtb	r0, r0
     210:	4770      	bx	lr
     212:	b570      	push	{r4, r5, r6, lr}
     214:	460e      	mov	r6, r1
     216:	1c44      	adds	r4, r0, #1
     218:	4605      	mov	r5, r0
     21a:	d006      	beq.n	0x22a
     21c:	f7ff ffeb 	bl	0x1f6
     220:	4045      	eors	r5, r0
     222:	f806 0b01 	strb.w	r0, [r6], #1
     226:	1e64      	subs	r4, r4, #1
     228:	d1f8      	bne.n	0x21c
     22a:	f7ff ffe4 	bl	0x1f6
     22e:	42a8      	cmp	r0, r5
     230:	d004      	beq.n	0x23c
     232:	201f      	movs	r0, #31
     234:	f7ff ff02 	bl	0x3c
     238:	2055      	movs	r0, #85	@ 0x55
     23a:	bd70      	pop	{r4, r5, r6, pc}
     23c:	20aa      	movs	r0, #170	@ 0xaa
     23e:	bd70      	pop	{r4, r5, r6, pc}
     240:	b500      	push	{lr}
     242:	4603      	mov	r3, r0
     244:	f7ff ff11 	bl	0x6a
     248:	f7ff ff04 	bl	0x54
     24c:	4a7e      	ldr	r2, [pc, #504]	@ (0x448)
     24e:	2002      	movs	r0, #2
     250:	6110      	str	r0, [r2, #16]
     252:	6153      	str	r3, [r2, #20]
     254:	2042      	movs	r0, #66	@ 0x42
     256:	6110      	str	r0, [r2, #16]
     258:	f7ff fefc 	bl	0x54
     25c:	2000      	movs	r0, #0
     25e:	6110      	str	r0, [r2, #16]
     260:	bd00      	pop	{pc}
     262:	b500      	push	{lr}
     264:	f7ff ff01 	bl	0x6a
     268:	f7ff fef9 	bl	0x5e
     26c:	f7ff fef2 	bl	0x54
     270:	4a75      	ldr	r2, [pc, #468]	@ (0x448)
     272:	6910      	ldr	r0, [r2, #16]
     274:	f040 0004 	orr.w	r0, r0, #4
     278:	6110      	str	r0, [r2, #16]
     27a:	6910      	ldr	r0, [r2, #16]
     27c:	f040 0040 	orr.w	r0, r0, #64	@ 0x40
     280:	6110      	str	r0, [r2, #16]
     282:	f7ff fee7 	bl	0x54
     286:	6910      	ldr	r0, [r2, #16]
     288:	f020 0004 	bic.w	r0, r0, #4
     28c:	6110      	str	r0, [r2, #16]
     28e:	bd00      	pop	{pc}
     290:	b510      	push	{r4, lr}
     292:	4604      	mov	r4, r0
     294:	460b      	mov	r3, r1
     296:	f7ff fedd 	bl	0x54
     29a:	4a6b      	ldr	r2, [pc, #428]	@ (0x448)
     29c:	6910      	ldr	r0, [r2, #16]
     29e:	f040 0001 	orr.w	r0, r0, #1
     2a2:	6110      	str	r0, [r2, #16]
     2a4:	8023      	strh	r3, [r4, #0]
     2a6:	f7ff fed5 	bl	0x54
     2aa:	68d0      	ldr	r0, [r2, #12]
     2ac:	0740      	lsls	r0, r0, #29
     2ae:	d403      	bmi.n	0x2b8
     2b0:	0c18      	lsrs	r0, r3, #16
     2b2:	8060      	strh	r0, [r4, #2]
     2b4:	f7ff fece 	bl	0x54
     2b8:	68d0      	ldr	r0, [r2, #12]
     2ba:	0740      	lsls	r0, r0, #29
     2bc:	d503      	bpl.n	0x2c6
     2be:	68d0      	ldr	r0, [r2, #12]
     2c0:	f040 0004 	orr.w	r0, r0, #4
     2c4:	60d0      	str	r0, [r2, #12]
     2c6:	6910      	ldr	r0, [r2, #16]
     2c8:	f020 0001 	bic.w	r0, r0, #1
     2cc:	6110      	str	r0, [r2, #16]
     2ce:	bd10      	pop	{r4, pc}
     2d0:	f1a0 6100 	sub.w	r1, r0, #134217728	@ 0x8000000
     2d4:	f5b1 3f00 	cmp.w	r1, #131072	@ 0x20000
     2d8:	d201      	bcs.n	0x2de
     2da:	2002      	movs	r0, #2
     2dc:	4770      	bx	lr
     2de:	495f      	ldr	r1, [pc, #380]	@ (0x45c)
     2e0:	4401      	add	r1, r0
     2e2:	f5b1 5ff0 	cmp.w	r1, #7680	@ 0x1e00
     2e6:	d201      	bcs.n	0x2ec
     2e8:	2003      	movs	r0, #3
     2ea:	4770      	bx	lr
     2ec:	495c      	ldr	r1, [pc, #368]	@ (0x460)
     2ee:	4401      	add	r1, r0
     2f0:	f5b1 7f00 	cmp.w	r1, #512	@ 0x200
     2f4:	d201      	bcs.n	0x2fa
     2f6:	2004      	movs	r0, #4
     2f8:	4770      	bx	lr
     2fa:	495a      	ldr	r1, [pc, #360]	@ (0x464)
     2fc:	4408      	add	r0, r1
     2fe:	f5b0 6f00 	cmp.w	r0, #2048	@ 0x800
     302:	d201      	bcs.n	0x308
     304:	2005      	movs	r0, #5
     306:	4770      	bx	lr
     308:	2001      	movs	r0, #1
     30a:	4770      	bx	lr
     30c:	b530      	push	{r4, r5, lr}
     30e:	2500      	movs	r5, #0
     310:	f7ff ff19 	bl	0x146
     314:	b9f0      	cbnz	r0, 0x354
     316:	2079      	movs	r0, #121	@ 0x79
     318:	f7ff fe90 	bl	0x3c
     31c:	f7ff ff6b 	bl	0x1f6
     320:	4604      	mov	r4, r0
     322:	ea45 6500 	orr.w	r5, r5, r0, lsl #24
     326:	f7ff ff66 	bl	0x1f6
     32a:	ea45 4500 	orr.w	r5, r5, r0, lsl #16
     32e:	4044      	eors	r4, r0
     330:	f7ff ff61 	bl	0x1f6
     334:	ea45 2500 	orr.w	r5, r5, r0, lsl #8
     338:	4044      	eors	r4, r0
     33a:	f7ff ff5c 	bl	0x1f6
     33e:	4305      	orrs	r5, r0
     340:	4044      	eors	r4, r0
     342:	f7ff ff58 	bl	0x1f6
     346:	42a0      	cmp	r0, r4
     348:	d104      	bne.n	0x354
     34a:	2079      	movs	r0, #121	@ 0x79
     34c:	f7ff fe76 	bl	0x3c
     350:	4628      	mov	r0, r5
     352:	bd30      	pop	{r4, r5, pc}
     354:	201f      	movs	r0, #31
     356:	f7ff fe71 	bl	0x3c
     35a:	f04f 3055 	mov.w	r0, #1431655765	@ 0x55555555
     35e:	bd30      	pop	{r4, r5, pc}

__sub__0360:
     360:	e92d 4ff0 	stmdb	sp!, {r4, r5, r6, r7, r8, r9, sl, fp, lr}
     364:	a140      	add	r1, pc, #256	@ (adr r1, 0x468)
     366:	c93c      	ldmia	r1!, {r2, r3, r4, r5}
     368:	b0c5      	sub	sp, #276	@ 0x114
     36a:	a801      	add	r0, sp, #4
     36c:	c03c      	stmia	r0!, {r2, r3, r4, r5}
     36e:	f7ff fe59 	bl	0x24

     372:	4a39      	ldr	r2, [pc, #228]	@ (0x458)
     374:	f245 5055 	movw	r0, #21845	@ 0x5555
     378:	6010      	str	r0, [r2, #0]

     37a:	2006      	movs	r0, #6
     37c:	6050      	str	r0, [r2, #4]

     37e:	f64a 23aa 	movw	r3, #43690	@ 0xaaaa
     382:	6013      	str	r3, [r2, #0]

     384:	493c      	ldr	r1, [pc, #240]	@ (0x478)
     386:	f44f 1080 	mov.w	r0, #1048576	@ 0x100000
     38a:	6048      	str	r0, [r1, #4]

     38c:	4c3b      	ldr	r4, [pc, #236]	@ (0x47c)
     38e:	2001      	movs	r0, #1
     390:	6620      	str	r0, [r4, #96]	@ 0x60

     392:	6808      	ldr	r0, [r1, #0]
     394:	0180      	lsls	r0, r0, #6
     396:	d5fc      	bpl.n	0x392

     398:	4837      	ldr	r0, [pc, #220]	@ (0x478)
     39a:	4c39      	ldr	r4, [pc, #228]	@ (0x480)
     39c:	6044      	str	r4, [r0, #4]

     39e:	2400      	movs	r4, #0
     3a0:	f04f 25e0 	mov.w	r5, #3758153728	@ 0xe000e000
     3a4:	f8c5 4d08 	str.w	r4, [r5, #3336]	@ [0xe000ed08] = 0

     3a8:	2104      	movs	r1, #4
     3aa:	6129      	str	r1, [r5, #16]   @ [0xe000e010] = 4

     3ac:	0449      	lsls	r1, r1, #17
     3ae:	6169      	str	r1, [r5, #20]   @ [0xe000e014] = 0x80000

     3b0:	f244 0104 	movw	r1, #16388	@ 0x4004
     3b4:	6181      	str	r1, [r0, #24]   @ [0xe000e018] = 0x4004

     3b6:	4834      	ldr	r0, [pc, #208]	@ (0x488)
     3b8:	4932      	ldr	r1, [pc, #200]	@ (0x484)
     3ba:	f8c0 1804 	str.w	r1, [r0, #2052]	@ 0x804

     3be:	f8d0 1808 	ldr.w	r1, [r0, #2056]	@ 0x808
     3c2:	0549      	lsls	r1, r1, #21
     3c4:	d5fb      	bpl.n	0x3be

     3c6:	f8d0 1808 	ldr.w	r1, [r0, #2056]	@ 0x808
     3ca:	0549      	lsls	r1, r1, #21
     3cc:	d4fb      	bmi.n	0x3c6

     3ce:	f8d0 1808 	ldr.w	r1, [r0, #2056]	@ 0x808
     3d2:	0549      	lsls	r1, r1, #21
     3d4:	d5fb      	bpl.n	0x3ce

     3d6:	2105      	movs	r1, #5
     3d8:	6129      	str	r1, [r5, #16]

     3da:	f8d0 1808 	ldr.w	r1, [r0, #2056]	@ 0x808
     3de:	0549      	lsls	r1, r1, #21
     3e0:	d4fb      	bmi.n	0x3da

     3e2:	69a8      	ldr	r0, [r5, #24]
     3e4:	46a8      	mov	r8, r5
     3e6:	f5c0 2500 	rsb	r5, r0, #524288	@ 0x80000
     3ea:	4828      	ldr	r0, [pc, #160]	@ (0x48c)
     3ec:	46a3      	mov	fp, r4
     3ee:	4621      	mov	r1, r4
     3f0:	8004      	strh	r4, [r0, #0]

     3f2:	2407      	movs	r4, #7
     3f4:	fbb5 f4f4 	udiv	r4, r5, r4
     3f8:	8084      	strh	r4, [r0, #4]
     3fa:	f44f 64c0 	mov.w	r4, #1536	@ 0x600
     3fe:	8184      	strh	r4, [r0, #12]
     400:	8181      	strh	r1, [r0, #12]
     402:	8281      	strh	r1, [r0, #20]
     404:	f243 410c 	movw	r1, #13324	@ 0x340c
     408:	8101      	strh	r1, [r0, #8]
     40a:	2079      	movs	r0, #121	@ 0x79
     40c:	f7ff fe16 	bl	0x3c
     410:	f8df 902c 	ldr.w	r9, [pc, #44]	@ 0x440
     414:	4810      	ldr	r0, [pc, #64]	@ (0x458)
     416:	f64a 21aa 	movw	r1, #43690	@ 0xaaaa
     41a:	6001      	str	r1, [r0, #0]
     41c:	f7ff feeb 	bl	0x1f6
     420:	4604      	mov	r4, r0
     422:	f7ff fee8 	bl	0x1f6
     426:	4060      	eors	r0, r4
     428:	28ff      	cmp	r0, #255	@ 0xff
     42a:	d000      	beq.n	0x42e
     42c:	2455      	movs	r4, #85	@ 0x55
     42e:	2c31      	cmp	r4, #49	@ 0x31
     430:	d07e      	beq.n	0x530
     432:	dc40      	bgt.n	0x4b6
     434:	2c02      	cmp	r4, #2
     436:	d058      	beq.n	0x4ea
     438:	dc38      	bgt.n	0x4ac
     43a:	e029      	b.n	0x490
     43c:	3000      	adds	r0, #0
     43e:	4001      	ands	r1, r0
     440:	0004      	movs	r4, r0
     442:	05fa      	lsls	r2, r7, #23
     444:	ed0c e000 	stc	0, cr14, [ip, #-0]
     448:	2000      	movs	r0, #0
     44a:	4002      	ands	r2, r0
     44c:	0123      	lsls	r3, r4, #4
     44e:	4567      	cmp	r7, ip
     450:	89ab      	ldrh	r3, [r5, #12]
     452:	cdef      	ldmia	r5, {r0, r1, r2, r3, r5, r6, r7}
     454:	f802 1fff 	strb.w	r1, [r2, #255]!
     458:	3000      	adds	r0, #0
     45a:	4000      	ands	r0, r0
     45c:	fe00 dfff 	mcr2	15, 0, sp, cr0, cr15, {7}
     460:	0800      	lsrs	r0, r0, #32
     462:	e000      	b.n	0x466
     464:	1000      	asrs	r0, r0, #32
     466:	e000      	b.n	0x46a
     468:	0b79      	lsrs	r1, r7, #13
     46a:	0022      	movs	r2, r4
     46c:	0201      	lsls	r1, r0, #8
     46e:	2111      	movs	r1, #17
     470:	4331      	orrs	r1, r6
     472:	7363      	strb	r3, [r4, #13]
     474:	9282      	str	r2, [sp, #520]	@ 0x208
     476:	0079      	lsls	r1, r7, #1
     478:	1000      	asrs	r0, r0, #32
     47a:	4002      	ands	r2, r0
     47c:	0000      	movs	r0, r0
     47e:	4242      	negs	r2, r0
     480:	0002      	movs	r2, r0
     482:	0010      	movs	r0, r2
     484:	44b4      	add	ip, r6
     486:	4444      	add	r4, r8
     488:	0000      	movs	r0, r0
     48a:	4001      	ands	r1, r0
     48c:	3804      	subs	r0, #4
     48e:	4001      	ands	r1, r0
     490:	b314      	cbz	r4, 0x4d8
     492:	2c01      	cmp	r4, #1
     494:	d159      	bne.n	0x54a
     496:	2079      	movs	r0, #121	@ 0x79
     498:	f7ff fdd0 	bl	0x3c
     49c:	2022      	movs	r0, #34	@ 0x22
     49e:	f7ff fdcd 	bl	0x3c
     4a2:	2000      	movs	r0, #0
     4a4:	f7ff fdca 	bl	0x3c
     4a8:	2000      	movs	r0, #0
     4aa:	e028      	b.n	0x4fe
     4ac:	2c11      	cmp	r4, #17
     4ae:	d02c      	beq.n	0x50a
     4b0:	2c21      	cmp	r4, #33	@ 0x21
     4b2:	d04c      	beq.n	0x54e
     4b4:	e049      	b.n	0x54a
     4b6:	2c73      	cmp	r4, #115	@ 0x73
     4b8:	d07d      	beq.n	0x5b6
     4ba:	dc08      	bgt.n	0x4ce
     4bc:	2c43      	cmp	r4, #67	@ 0x43
     4be:	d07b      	beq.n	0x5b8
     4c0:	2c63      	cmp	r4, #99	@ 0x63
     4c2:	d142      	bne.n	0x54a
     4c4:	f7ff fe3f 	bl	0x146
     4c8:	2801      	cmp	r0, #1
     4ca:	d176      	bne.n	0x5ba
     4cc:	e03d      	b.n	0x54a
     4ce:	2c82      	cmp	r4, #130	@ 0x82
     4d0:	d074      	beq.n	0x5bc
     4d2:	2c92      	cmp	r4, #146	@ 0x92
     4d4:	d073      	beq.n	0x5be
     4d6:	e038      	b.n	0x54a
     4d8:	2200      	movs	r2, #0
     4da:	ab01      	add	r3, sp, #4
     4dc:	5c98      	ldrb	r0, [r3, r2]
     4de:	f7ff fdad 	bl	0x3c
     4e2:	1c52      	adds	r2, r2, #1
     4e4:	2a0f      	cmp	r2, #15
     4e6:	d3f9      	bcc.n	0x4dc
     4e8:	e794      	b.n	0x414
     4ea:	2079      	movs	r0, #121	@ 0x79
     4ec:	f7ff fda6 	bl	0x3c
     4f0:	2001      	movs	r0, #1
     4f2:	f7ff fda3 	bl	0x3c
     4f6:	2004      	movs	r0, #4
     4f8:	f7ff fda0 	bl	0x3c
     4fc:	2020      	movs	r0, #32
     4fe:	f7ff fd9d 	bl	0x3c
     502:	e0dd      	b.n	0x6c0
     504:	f7ff fd9a 	bl	0x3c
     508:	e784      	b.n	0x414
     50a:	f7ff feff 	bl	0x30c
     50e:	4606      	mov	r6, r0
     510:	f7ff fede 	bl	0x2d0
     514:	b2c0      	uxtb	r0, r0
     516:	2801      	cmp	r0, #1
     518:	d0e6      	beq.n	0x4e8
     51a:	f7ff fe6c 	bl	0x1f6
     51e:	4604      	mov	r4, r0
     520:	43c0      	mvns	r0, r0
     522:	b2c5      	uxtb	r5, r0
     524:	f7ff fe67 	bl	0x1f6
     528:	42a8      	cmp	r0, r5
     52a:	d10e      	bne.n	0x54a
     52c:	2079      	movs	r0, #121	@ 0x79
     52e:	e000      	b.n	0x532
     530:	e032      	b.n	0x598
     532:	f7ff fd83 	bl	0x3c
     536:	1c64      	adds	r4, r4, #1
     538:	d0d6      	beq.n	0x4e8
     53a:	4635      	mov	r5, r6
     53c:	1c76      	adds	r6, r6, #1
     53e:	7828      	ldrb	r0, [r5, #0]
     540:	f7ff fd7c 	bl	0x3c
     544:	1e64      	subs	r4, r4, #1
     546:	d1f8      	bne.n	0x53a
     548:	e764      	b.n	0x414
     54a:	201f      	movs	r0, #31
     54c:	e7da      	b.n	0x504
     54e:	f7ff fedd 	bl	0x30c
     552:	4604      	mov	r4, r0
     554:	f7ff febc 	bl	0x2d0
     558:	b2c1      	uxtb	r1, r0
     55a:	2902      	cmp	r1, #2
     55c:	d001      	beq.n	0x562
     55e:	2903      	cmp	r1, #3
     560:	d1f3      	bne.n	0x54a
     562:	4981      	ldr	r1, [pc, #516]	@ (0x768)
     564:	6848      	ldr	r0, [r1, #4]
     566:	4a81      	ldr	r2, [pc, #516]	@ (0x76c)
     568:	4010      	ands	r0, r2
     56a:	6048      	str	r0, [r1, #4]
     56c:	6808      	ldr	r0, [r1, #0]
     56e:	4a80      	ldr	r2, [pc, #512]	@ (0x770)
     570:	4010      	ands	r0, r2
     572:	6008      	str	r0, [r1, #0]
     574:	6808      	ldr	r0, [r1, #0]
     576:	f420 2080 	bic.w	r0, r0, #262144	@ 0x40000
     57a:	6008      	str	r0, [r1, #0]
     57c:	6848      	ldr	r0, [r1, #4]
     57e:	f420 00fe 	bic.w	r0, r0, #8323072	@ 0x7f0000
     582:	6048      	str	r0, [r1, #4]
     584:	f8c8 b010 	str.w	fp, [r8, #16]
     588:	f7ff fd4e 	bl	0x28
     58c:	6865      	ldr	r5, [r4, #4]
     58e:	6820      	ldr	r0, [r4, #0]
     590:	f7ff fd4c 	bl	0x2c
     594:	47a8      	blx	r5
     596:	e73d      	b.n	0x414
     598:	f7ff feb8 	bl	0x30c
     59c:	4606      	mov	r6, r0
     59e:	f7ff fe97 	bl	0x2d0
     5a2:	b2c7      	uxtb	r7, r0
     5a4:	2f01      	cmp	r7, #1
     5a6:	d09f      	beq.n	0x4e8
     5a8:	f7ff fe25 	bl	0x1f6
     5ac:	f10d 0c14 	add.w	ip, sp, #20
     5b0:	1c44      	adds	r4, r0, #1
     5b2:	4661      	mov	r1, ip
     5b4:	e004      	b.n	0x5c0
     5b6:	e0a5      	b.n	0x704
     5b8:	e05d      	b.n	0x676
     5ba:	e083      	b.n	0x6c4
     5bc:	e0aa      	b.n	0x714
     5be:	e0b9      	b.n	0x734
     5c0:	f7ff fe27 	bl	0x212
     5c4:	28aa      	cmp	r0, #170	@ 0xaa
     5c6:	d18f      	bne.n	0x4e8
     5c8:	2f02      	cmp	r7, #2
     5ca:	d113      	bne.n	0x5f4
     5cc:	07a0      	lsls	r0, r4, #30
     5ce:	d002      	beq.n	0x5d6
     5d0:	f004 04fc 	and.w	r4, r4, #252	@ 0xfc
     5d4:	1d24      	adds	r4, r4, #4
     5d6:	f7ff fd48 	bl	0x6a
     5da:	0025      	movs	r5, r4
     5dc:	d00a      	beq.n	0x5f4
     5de:	eb0c 0a04 	add.w	sl, ip, r4
     5e2:	ebaa 0005 	sub.w	r0, sl, r5
     5e6:	6801      	ldr	r1, [r0, #0]
     5e8:	1930      	adds	r0, r6, r4
     5ea:	1b40      	subs	r0, r0, r5
     5ec:	f7ff fe50 	bl	0x290
     5f0:	1f2d      	subs	r5, r5, #4
     5f2:	d1f6      	bne.n	0x5e2
     5f4:	2f03      	cmp	r7, #3
     5f6:	d10f      	bne.n	0x618
     5f8:	07a0      	lsls	r0, r4, #30
     5fa:	d002      	beq.n	0x602
     5fc:	f004 04fc 	and.w	r4, r4, #252	@ 0xfc
     600:	1d24      	adds	r4, r4, #4
     602:	0020      	movs	r0, r4
     604:	d05c      	beq.n	0x6c0
     606:	1932      	adds	r2, r6, r4
     608:	eb0c 0504 	add.w	r5, ip, r4
     60c:	1a29      	subs	r1, r5, r0
     60e:	6809      	ldr	r1, [r1, #0]
     610:	1a13      	subs	r3, r2, r0
     612:	6019      	str	r1, [r3, #0]
     614:	1f00      	subs	r0, r0, #4
     616:	d1f9      	bne.n	0x60c
     618:	2f04      	cmp	r7, #4
     61a:	d151      	bne.n	0x6c0
     61c:	4855      	ldr	r0, [pc, #340]	@ (0x774)
     61e:	4286      	cmp	r6, r0
     620:	d14e      	bne.n	0x6c0
     622:	07e0      	lsls	r0, r4, #31
     624:	d002      	beq.n	0x62c
     626:	f004 04fe 	and.w	r4, r4, #254	@ 0xfe
     62a:	1ca4      	adds	r4, r4, #2
     62c:	f7ff fd23 	bl	0x76
     630:	f7ff fd1b 	bl	0x6a
     634:	f7ff fd13 	bl	0x5e
     638:	4b4f      	ldr	r3, [pc, #316]	@ (0x778)
     63a:	6918      	ldr	r0, [r3, #16]
     63c:	f040 0010 	orr.w	r0, r0, #16
     640:	6118      	str	r0, [r3, #16]
     642:	f7ff fd07 	bl	0x54
     646:	0022      	movs	r2, r4
     648:	d00b      	beq.n	0x662
     64a:	eb0c 0504 	add.w	r5, ip, r4
     64e:	1aa8      	subs	r0, r5, r2
     650:	8800      	ldrh	r0, [r0, #0]
     652:	1931      	adds	r1, r6, r4
     654:	b2c0      	uxtb	r0, r0
     656:	1a89      	subs	r1, r1, r2
     658:	8008      	strh	r0, [r1, #0]
     65a:	f7ff fcfb 	bl	0x54
     65e:	1e92      	subs	r2, r2, #2
     660:	d1f5      	bne.n	0x64e
     662:	6918      	ldr	r0, [r3, #16]
     664:	f020 0010 	bic.w	r0, r0, #16
     668:	6118      	str	r0, [r3, #16]
     66a:	2079      	movs	r0, #121	@ 0x79
     66c:	f7ff fce6 	bl	0x3c
     670:	f8c8 9d0c 	str.w	r9, [r8, #3340]	@ 0xd0c
     674:	e024      	b.n	0x6c0
     676:	f7ff fd66 	bl	0x146
     67a:	2801      	cmp	r0, #1
     67c:	f43f af1a 	beq.w	0x4b4
     680:	2079      	movs	r0, #121	@ 0x79
     682:	f7ff fcdb 	bl	0x3c
     686:	f7ff fdb6 	bl	0x1f6
     68a:	28ff      	cmp	r0, #255	@ 0xff
     68c:	d105      	bne.n	0x69a
     68e:	f7ff fdb2 	bl	0x1f6
     692:	b9a8      	cbnz	r0, 0x6c0
     694:	f7ff fde5 	bl	0x262
     698:	e012      	b.n	0x6c0
     69a:	ad05      	add	r5, sp, #20
     69c:	1c44      	adds	r4, r0, #1
     69e:	4629      	mov	r1, r5
     6a0:	f7ff fdb7 	bl	0x212
     6a4:	28aa      	cmp	r0, #170	@ 0xaa
     6a6:	f47f af05 	bne.w	0x4b4
     6aa:	b14c      	cbz	r4, 0x6c0
     6ac:	f04f 6600 	mov.w	r6, #134217728	@ 0x8000000
     6b0:	f815 0b01 	ldrb.w	r0, [r5], #1
     6b4:	eb06 2080 	add.w	r0, r6, r0, lsl #10
     6b8:	f7ff fdc2 	bl	0x240
     6bc:	1e64      	subs	r4, r4, #1
     6be:	d1f7      	bne.n	0x6b0
     6c0:	2079      	movs	r0, #121	@ 0x79
     6c2:	e71f      	b.n	0x504
     6c4:	2079      	movs	r0, #121	@ 0x79
     6c6:	f7ff fcb9 	bl	0x3c
     6ca:	f7ff fd94 	bl	0x1f6
     6ce:	ad05      	add	r5, sp, #20
     6d0:	1c44      	adds	r4, r0, #1
     6d2:	4629      	mov	r1, r5
     6d4:	f7ff fd9d 	bl	0x212
     6d8:	28aa      	cmp	r0, #170	@ 0xaa
     6da:	f47f af05 	bne.w	0x4e8
     6de:	2200      	movs	r2, #0
     6e0:	b13c      	cbz	r4, 0x6f2
     6e2:	2101      	movs	r1, #1
     6e4:	f815 3b01 	ldrb.w	r3, [r5], #1
     6e8:	fa01 f003 	lsl.w	r0, r1, r3
     6ec:	4302      	orrs	r2, r0
     6ee:	1e64      	subs	r4, r4, #1
     6f0:	d1f8      	bne.n	0x6e4
     6f2:	f7ff fcba 	bl	0x6a
     6f6:	4920      	ldr	r1, [pc, #128]	@ (0x778)
     6f8:	2035      	movs	r0, #53	@ 0x35
     6fa:	60c8      	str	r0, [r1, #12]
     6fc:	4610      	mov	r0, r2
     6fe:	f7ff fd29 	bl	0x154
     702:	e011      	b.n	0x728
     704:	f7ff fd1f 	bl	0x146
     708:	2801      	cmp	r0, #1
     70a:	d0b7      	beq.n	0x67c
     70c:	2079      	movs	r0, #121	@ 0x79
     70e:	f7ff fc95 	bl	0x3c
     712:	e019      	b.n	0x748
     714:	f7ff fd17 	bl	0x146
     718:	2801      	cmp	r0, #1
     71a:	d0af      	beq.n	0x67c
     71c:	2079      	movs	r0, #121	@ 0x79
     71e:	f7ff fc8d 	bl	0x3c
     722:	2001      	movs	r0, #1
     724:	f7ff fcbe 	bl	0xa4
     728:	2079      	movs	r0, #121	@ 0x79
     72a:	f7ff fc87 	bl	0x3c
     72e:	f8c8 9d0c 	str.w	r9, [r8, #3340]	@ 0xd0c
     732:	e66f      	b.n	0x414
     734:	2079      	movs	r0, #121	@ 0x79
     736:	f7ff fc81 	bl	0x3c
     73a:	4810      	ldr	r0, [pc, #64]	@ (0x77c)
     73c:	4a10      	ldr	r2, [pc, #64]	@ (0x780)
     73e:	4659      	mov	r1, fp
     740:	f840 1904 	str.w	r1, [r0], #-4
     744:	4290      	cmp	r0, r2
     746:	d1fb      	bne.n	0x740
     748:	2000      	movs	r0, #0
     74a:	e7eb      	b.n	0x724
     74c:	b500      	push	{lr}
     74e:	4a0a      	ldr	r2, [pc, #40]	@ (0x778)
     750:	68d0      	ldr	r0, [r2, #12]
     752:	06c0      	lsls	r0, r0, #27
     754:	d506      	bpl.n	0x764
     756:	201f      	movs	r0, #31
     758:	f7ff fc70 	bl	0x3c
     75c:	68d0      	ldr	r0, [r2, #12]
     75e:	f040 0010 	orr.w	r0, r0, #16
     762:	60d0      	str	r0, [r2, #12]
     764:	bd00      	pop	{pc}
     766:	0000      	movs	r0, r0
     768:	1000      	asrs	r0, r0, #32
     76a:	4002      	ands	r2, r0
     76c:	0000      	movs	r0, r0
     76e:	f8ff ffff 	ldr??.w	pc, [pc, #4095]	@ 0x176f
     772:	fef6 f800 	cdp2	8, 15, cr15, cr6, cr0, {0}
     776:	1fff      	subs	r7, r7, #7
     778:	2000      	movs	r0, #0
     77a:	4002      	ands	r2, r0
     77c:	1ffc      	subs	r4, r7, #7
     77e:	2000      	movs	r0, #0
     780:	01fc      	lsls	r4, r7, #7
     782:	2000      	movs	r0, #0
     784:	4770      	bx	lr

     786:	f7ff bc61 	b.w	0x4c

     78a:	0000      	


     78c:	4c06      	ldr	r4, [pc, #24]	@ (0x7a8)
     78e:	4d07      	ldr	r5, [pc, #28]	@ (0x7ac)
     790:	e006      	b.n	0x7a0

     792:	68e0      	ldr	r0, [r4, #12]
     794:	f040 0301 	orr.w	r3, r0, #1
     798:	e894 0007 	ldmia.w	r4, {r0, r1, r2}
     79c:	4798      	blx	r3
     79e:	3410      	adds	r4, #16

     7a0:	42ac      	cmp	r4, r5
     7a2:	d3f6      	bcc.n	0x792
     7a4:	f7ff fc38 	bl	0x18

     7a8:	1ffff7b0 
     7ac:	1ffff7b0 
	...

     7d4:	0022      	movs	r2, r4
     7d6:	0010      	movs	r0, r2
     7d8:	0022      	movs	r2, r4
     7da:	0e10      	lsrs	r0, r2, #24
     7dc:	ffff ffff 			@ <UNDEFINED> instruction: 0xffffffff
     7e0:	0080      	lsls	r0, r0, #2
     7e2:	ffff 078e 	vabdl.u<illegal width 64>	q8, d31, d14
     7e6:	0542      	lsls	r2, r0, #21
     7e8:	ffff 078e 	vabdl.u<illegal width 64>	q8, d31, d14
     7ec:	ffff ffff 			@ <UNDEFINED> instruction: 0xffffffff
     7f0:	ffff ffff 			@ <UNDEFINED> instruction: 0xffffffff
     7f4:	30ff      	adds	r0, #255	@ 0xff
     7f6:	fcff 9768 	ldc2l	7, cr9, [pc], #416	@ 0x998
     7fa:	00ff      	lsls	r7, r7, #3
     7fc:	c23d      	stmia	r2!, {r0, r2, r3, r4, r5}
     7fe:	7f80      	ldrb	r0, [r0, #30]
     800:	5aa5      	ldrh	r5, [r4, r2]
     802:	00ff      	lsls	r7, r7, #3
     804:	00ff      	lsls	r7, r7, #3
     806:	00ff      	lsls	r7, r7, #3
     808:	00ff      	lsls	r7, r7, #3
     80a:	00ff      	lsls	r7, r7, #3
     80c:	00ff      	lsls	r7, r7, #3
     80e:	00ff      	lsls	r7, r7, #3
     810:	ffff ffff 			@ <UNDEFINED> instruction: 0xffffffff
     814:	ffff ffff 			@ <UNDEFINED> instruction: 0xffffffff
     818:	ffff ffff 			@ <UNDEFINED> instruction: 0xffffffff
     81c:	ffff ffff 			@ <UNDEFINED> instruction: 0xffffffff
     820:	ffff ffff 			@ <UNDEFINED> instruction: 0xffffffff
     824:	ffff ffff 			@ <UNDEFINED> instruction: 0xffffffff
     828:	ffff ffff 			@ <UNDEFINED> instruction: 0xffffffff
     82c:	ffff ffff 			@ <UNDEFINED> instruction: 0xffffffff
     830:	ffff ffff 			@ <UNDEFINED> instruction: 0xffffffff
     834:	ffff ffff 			@ <UNDEFINED> instruction: 0xffffffff
     838:	ffff ffff 			@ <UNDEFINED> instruction: 0xffffffff
     83c:	ffff ffff 			@ <UNDEFINED> instruction: 0xffffffff
     840:	ffff ffff 			@ <UNDEFINED> instruction: 0xffffffff
     844:	ffff ffff 			@ <UNDEFINED> instruction: 0xffffffff
     848:	ffff ffff 			@ <UNDEFINED> instruction: 0xffffffff
     84c:	ffff ffff 			@ <UNDEFINED> instruction: 0xffffffff
     850:	ffff ffff 			@ <UNDEFINED> instruction: 0xffffffff
     854:	ffff ffff 			@ <UNDEFINED> instruction: 0xffffffff
     858:	ffff ffff 			@ <UNDEFINED> instruction: 0xffffffff
     85c:	ffff ffff 			@ <UNDEFINED> instruction: 0xffffffff
     860:	ffff ffff 			@ <UNDEFINED> instruction: 0xffffffff
     864:	ffff ffff 			@ <UNDEFINED> instruction: 0xffffffff
     868:	ffff ffff 			@ <UNDEFINED> instruction: 0xffffffff
     86c:	ffff ffff 			@ <UNDEFINED> instruction: 0xffffffff
     870:	ffff ffff 			@ <UNDEFINED> instruction: 0xffffffff
     874:	ffff ffff 			@ <UNDEFINED> instruction: 0xffffffff
     878:	ffff ffff 			@ <UNDEFINED> instruction: 0xffffffff
     87c:	ffff ffff 			@ <UNDEFINED> instruction: 0xffffffff
     880:	ffff ffff 			@ <UNDEFINED> instruction: 0xffffffff
     884:	ffff ffff 			@ <UNDEFINED> instruction: 0xffffffff
     888:	ffff ffff 			@ <UNDEFINED> instruction: 0xffffffff
     88c:	ffff ffff 			@ <UNDEFINED> instruction: 0xffffffff
     890:	ffff ffff 			@ <UNDEFINED> instruction: 0xffffffff
     894:	ffff ffff 			@ <UNDEFINED> instruction: 0xffffffff
     898:	ffff ffff 			@ <UNDEFINED> instruction: 0xffffffff
     89c:	ffff ffff 			@ <UNDEFINED> instruction: 0xffffffff
     8a0:	ffff ffff 			@ <UNDEFINED> instruction: 0xffffffff
     8a4:	ffff ffff 			@ <UNDEFINED> instruction: 0xffffffff
     8a8:	ffff ffff 			@ <UNDEFINED> instruction: 0xffffffff
     8ac:	ffff ffff 			@ <UNDEFINED> instruction: 0xffffffff
     8b0:	ffff ffff 			@ <UNDEFINED> instruction: 0xffffffff
     8b4:	ffff ffff 			@ <UNDEFINED> instruction: 0xffffffff
     8b8:	ffff ffff 			@ <UNDEFINED> instruction: 0xffffffff
     8bc:	ffff ffff 			@ <UNDEFINED> instruction: 0xffffffff
     8c0:	ffff ffff 			@ <UNDEFINED> instruction: 0xffffffff
     8c4:	ffff ffff 			@ <UNDEFINED> instruction: 0xffffffff
     8c8:	ffff ffff 			@ <UNDEFINED> instruction: 0xffffffff
     8cc:	ffff ffff 			@ <UNDEFINED> instruction: 0xffffffff
     8d0:	ffff ffff 			@ <UNDEFINED> instruction: 0xffffffff
     8d4:	ffff ffff 			@ <UNDEFINED> instruction: 0xffffffff
     8d8:	ffff ffff 			@ <UNDEFINED> instruction: 0xffffffff
     8dc:	ffff ffff 			@ <UNDEFINED> instruction: 0xffffffff
     8e0:	ffff ffff 			@ <UNDEFINED> instruction: 0xffffffff
     8e4:	ffff ffff 			@ <UNDEFINED> instruction: 0xffffffff
     8e8:	ffff ffff 			@ <UNDEFINED> instruction: 0xffffffff
     8ec:	ffff ffff 			@ <UNDEFINED> instruction: 0xffffffff
     8f0:	ffff ffff 			@ <UNDEFINED> instruction: 0xffffffff
     8f4:	ffff ffff 			@ <UNDEFINED> instruction: 0xffffffff
     8f8:	ffff ffff 			@ <UNDEFINED> instruction: 0xffffffff
     8fc:	ffff ffff 			@ <UNDEFINED> instruction: 0xffffffff
     900:	ffff ffff 			@ <UNDEFINED> instruction: 0xffffffff
     904:	ffff ffff 			@ <UNDEFINED> instruction: 0xffffffff
     908:	ffff ffff 			@ <UNDEFINED> instruction: 0xffffffff
     90c:	ffff ffff 			@ <UNDEFINED> instruction: 0xffffffff
     910:	ffff ffff 			@ <UNDEFINED> instruction: 0xffffffff
     914:	ffff ffff 			@ <UNDEFINED> instruction: 0xffffffff
     918:	ffff ffff 			@ <UNDEFINED> instruction: 0xffffffff
     91c:	ffff ffff 			@ <UNDEFINED> instruction: 0xffffffff
     920:	ffff ffff 			@ <UNDEFINED> instruction: 0xffffffff
     924:	ffff ffff 			@ <UNDEFINED> instruction: 0xffffffff
     928:	ffff ffff 			@ <UNDEFINED> instruction: 0xffffffff
     92c:	ffff ffff 			@ <UNDEFINED> instruction: 0xffffffff
     930:	ffff ffff 			@ <UNDEFINED> instruction: 0xffffffff
     934:	ffff ffff 			@ <UNDEFINED> instruction: 0xffffffff
     938:	ffff ffff 			@ <UNDEFINED> instruction: 0xffffffff
     93c:	ffff ffff 			@ <UNDEFINED> instruction: 0xffffffff
     940:	ffff ffff 			@ <UNDEFINED> instruction: 0xffffffff
     944:	ffff ffff 			@ <UNDEFINED> instruction: 0xffffffff
     948:	ffff ffff 			@ <UNDEFINED> instruction: 0xffffffff
     94c:	ffff ffff 			@ <UNDEFINED> instruction: 0xffffffff
     950:	ffff ffff 			@ <UNDEFINED> instruction: 0xffffffff
     954:	ffff ffff 			@ <UNDEFINED> instruction: 0xffffffff
     958:	ffff ffff 			@ <UNDEFINED> instruction: 0xffffffff
     95c:	ffff ffff 			@ <UNDEFINED> instruction: 0xffffffff
     960:	ffff ffff 			@ <UNDEFINED> instruction: 0xffffffff
     964:	ffff ffff 			@ <UNDEFINED> instruction: 0xffffffff
     968:	ffff ffff 			@ <UNDEFINED> instruction: 0xffffffff
     96c:	ffff ffff 			@ <UNDEFINED> instruction: 0xffffffff
     970:	ffff ffff 			@ <UNDEFINED> instruction: 0xffffffff
     974:	ffff ffff 			@ <UNDEFINED> instruction: 0xffffffff
     978:	ffff ffff 			@ <UNDEFINED> instruction: 0xffffffff
     97c:	ffff ffff 			@ <UNDEFINED> instruction: 0xffffffff
     980:	ffff ffff 			@ <UNDEFINED> instruction: 0xffffffff
     984:	ffff ffff 			@ <UNDEFINED> instruction: 0xffffffff
     988:	ffff ffff 			@ <UNDEFINED> instruction: 0xffffffff
     98c:	ffff ffff 			@ <UNDEFINED> instruction: 0xffffffff
     990:	ffff ffff 			@ <UNDEFINED> instruction: 0xffffffff
     994:	ffff ffff 			@ <UNDEFINED> instruction: 0xffffffff
     998:	ffff ffff 			@ <UNDEFINED> instruction: 0xffffffff
     99c:	ffff ffff 			@ <UNDEFINED> instruction: 0xffffffff
     9a0:	ffff ffff 			@ <UNDEFINED> instruction: 0xffffffff
     9a4:	ffff ffff 			@ <UNDEFINED> instruction: 0xffffffff
     9a8:	ffff ffff 			@ <UNDEFINED> instruction: 0xffffffff
     9ac:	ffff ffff 			@ <UNDEFINED> instruction: 0xffffffff
     9b0:	ffff ffff 			@ <UNDEFINED> instruction: 0xffffffff
     9b4:	ffff ffff 			@ <UNDEFINED> instruction: 0xffffffff
     9b8:	ffff ffff 			@ <UNDEFINED> instruction: 0xffffffff
     9bc:	ffff ffff 			@ <UNDEFINED> instruction: 0xffffffff
     9c0:	ffff ffff 			@ <UNDEFINED> instruction: 0xffffffff
     9c4:	ffff ffff 			@ <UNDEFINED> instruction: 0xffffffff
     9c8:	ffff ffff 			@ <UNDEFINED> instruction: 0xffffffff
     9cc:	ffff ffff 			@ <UNDEFINED> instruction: 0xffffffff
     9d0:	ffff ffff 			@ <UNDEFINED> instruction: 0xffffffff
     9d4:	ffff ffff 			@ <UNDEFINED> instruction: 0xffffffff
     9d8:	ffff ffff 			@ <UNDEFINED> instruction: 0xffffffff
     9dc:	ffff ffff 			@ <UNDEFINED> instruction: 0xffffffff
     9e0:	ffff ffff 			@ <UNDEFINED> instruction: 0xffffffff
     9e4:	ffff ffff 			@ <UNDEFINED> instruction: 0xffffffff
     9e8:	ffff ffff 			@ <UNDEFINED> instruction: 0xffffffff
     9ec:	ffff ffff 			@ <UNDEFINED> instruction: 0xffffffff
     9f0:	ffff ffff 			@ <UNDEFINED> instruction: 0xffffffff
     9f4:	ffff ffff 			@ <UNDEFINED> instruction: 0xffffffff
     9f8:	ffff ffff 			@ <UNDEFINED> instruction: 0xffffffff
     9fc:	ffff ffff 			@ <UNDEFINED> instruction: 0xffffffff
     a00:	1d24      	adds	r4, r4, #4
     a02:	0020      	movs	r0, r4
     a04:	d05c      	beq.n	0xac0
     a06:	1932      	adds	r2, r6, r4
     a08:	eb0c 0504 	add.w	r5, ip, r4
     a0c:	1a29      	subs	r1, r5, r0
     a0e:	6809      	ldr	r1, [r1, #0]
     a10:	1a13      	subs	r3, r2, r0
     a12:	6019      	str	r1, [r3, #0]
     a14:	1f00      	subs	r0, r0, #4
     a16:	d1f9      	bne.n	0xa0c
     a18:	2f04      	cmp	r7, #4
     a1a:	d151      	bne.n	0xac0
     a1c:	4855      	ldr	r0, [pc, #340]	@ (0xb74)
     a1e:	4286      	cmp	r6, r0
     a20:	d14e      	bne.n	0xac0
     a22:	07e0      	lsls	r0, r4, #31
     a24:	d002      	beq.n	0xa2c
     a26:	f004 04fe 	and.w	r4, r4, #254	@ 0xfe
     a2a:	1ca4      	adds	r4, r4, #2
     a2c:	f7ff fd23 	bl	0x476
     a30:	f7ff fd1b 	bl	0x46a
     a34:	f7ff fd13 	bl	0x45e
     a38:	4b4f      	ldr	r3, [pc, #316]	@ (0xb78)
     a3a:	6918      	ldr	r0, [r3, #16]
     a3c:	f040 0010 	orr.w	r0, r0, #16
     a40:	6118      	str	r0, [r3, #16]
     a42:	f7ff fd07 	bl	0x454
     a46:	0022      	movs	r2, r4
     a48:	d00b      	beq.n	0xa62
     a4a:	eb0c 0504 	add.w	r5, ip, r4
     a4e:	1aa8      	subs	r0, r5, r2
     a50:	8800      	ldrh	r0, [r0, #0]
     a52:	1931      	adds	r1, r6, r4
     a54:	b2c0      	uxtb	r0, r0
     a56:	1a89      	subs	r1, r1, r2
     a58:	8008      	strh	r0, [r1, #0]
     a5a:	f7ff fcfb 	bl	0x454
     a5e:	1e92      	subs	r2, r2, #2
     a60:	d1f5      	bne.n	0xa4e
     a62:	6918      	ldr	r0, [r3, #16]
     a64:	f020 0010 	bic.w	r0, r0, #16
     a68:	6118      	str	r0, [r3, #16]
     a6a:	2079      	movs	r0, #121	@ 0x79
     a6c:	f7ff fce6 	bl	0x43c
     a70:	f8c8 9d0c 	str.w	r9, [r8, #3340]	@ 0xd0c
     a74:	e024      	b.n	0xac0
     a76:	f7ff fd66 	bl	0x546
     a7a:	2801      	cmp	r0, #1
     a7c:	f43f af1a 	beq.w	0x8b4
     a80:	2079      	movs	r0, #121	@ 0x79
     a82:	f7ff fcdb 	bl	0x43c
     a86:	f7ff fdb6 	bl	0x5f6
     a8a:	28ff      	cmp	r0, #255	@ 0xff
     a8c:	d105      	bne.n	0xa9a
     a8e:	f7ff fdb2 	bl	0x5f6
     a92:	b9a8      	cbnz	r0, 0xac0
     a94:	f7ff fde5 	bl	0x662
     a98:	e012      	b.n	0xac0
     a9a:	ad05      	add	r5, sp, #20
     a9c:	1c44      	adds	r4, r0, #1
     a9e:	4629      	mov	r1, r5
     aa0:	f7ff fdb7 	bl	0x612
     aa4:	28aa      	cmp	r0, #170	@ 0xaa
     aa6:	f47f af05 	bne.w	0x8b4
     aaa:	b14c      	cbz	r4, 0xac0
     aac:	f04f 6600 	mov.w	r6, #134217728	@ 0x8000000
     ab0:	f815 0b01 	ldrb.w	r0, [r5], #1
     ab4:	eb06 2080 	add.w	r0, r6, r0, lsl #10
     ab8:	f7ff fdc2 	bl	0x640
     abc:	1e64      	subs	r4, r4, #1
     abe:	d1f7      	bne.n	0xab0
     ac0:	2079      	movs	r0, #121	@ 0x79
     ac2:	e71f      	b.n	0x904
     ac4:	2079      	movs	r0, #121	@ 0x79
     ac6:	f7ff fcb9 	bl	0x43c
     aca:	f7ff fd94 	bl	0x5f6
     ace:	ad05      	add	r5, sp, #20
     ad0:	1c44      	adds	r4, r0, #1
     ad2:	4629      	mov	r1, r5
     ad4:	f7ff fd9d 	bl	0x612
     ad8:	28aa      	cmp	r0, #170	@ 0xaa
     ada:	f47f af05 	bne.w	0x8e8
     ade:	2200      	movs	r2, #0
     ae0:	b13c      	cbz	r4, 0xaf2
     ae2:	2101      	movs	r1, #1
     ae4:	f815 3b01 	ldrb.w	r3, [r5], #1
     ae8:	fa01 f003 	lsl.w	r0, r1, r3
     aec:	4302      	orrs	r2, r0
     aee:	1e64      	subs	r4, r4, #1
     af0:	d1f8      	bne.n	0xae4
     af2:	f7ff fcba 	bl	0x46a
     af6:	4920      	ldr	r1, [pc, #128]	@ (0xb78)
     af8:	2035      	movs	r0, #53	@ 0x35
     afa:	60c8      	str	r0, [r1, #12]
     afc:	4610      	mov	r0, r2
     afe:	f7ff fd29 	bl	0x554
     b02:	e011      	b.n	0xb28
     b04:	f7ff fd1f 	bl	0x546
     b08:	2801      	cmp	r0, #1
     b0a:	d0b7      	beq.n	0xa7c
     b0c:	2079      	movs	r0, #121	@ 0x79
     b0e:	f7ff fc95 	bl	0x43c
     b12:	e019      	b.n	0xb48
     b14:	f7ff fd17 	bl	0x546
     b18:	2801      	cmp	r0, #1
     b1a:	d0af      	beq.n	0xa7c
     b1c:	2079      	movs	r0, #121	@ 0x79
     b1e:	f7ff fc8d 	bl	0x43c
     b22:	2001      	movs	r0, #1
     b24:	f7ff fcbe 	bl	0x4a4
     b28:	2079      	movs	r0, #121	@ 0x79
     b2a:	f7ff fc87 	bl	0x43c
     b2e:	f8c8 9d0c 	str.w	r9, [r8, #3340]	@ 0xd0c
     b32:	e66f      	b.n	0x814
     b34:	2079      	movs	r0, #121	@ 0x79
     b36:	f7ff fc81 	bl	0x43c
     b3a:	4810      	ldr	r0, [pc, #64]	@ (0xb7c)
     b3c:	4a10      	ldr	r2, [pc, #64]	@ (0xb80)
     b3e:	4659      	mov	r1, fp
     b40:	f840 1904 	str.w	r1, [r0], #-4
     b44:	4290      	cmp	r0, r2
     b46:	d1fb      	bne.n	0xb40
     b48:	2000      	movs	r0, #0
     b4a:	e7eb      	b.n	0xb24
     b4c:	b500      	push	{lr}
     b4e:	4a0a      	ldr	r2, [pc, #40]	@ (0xb78)
     b50:	68d0      	ldr	r0, [r2, #12]
     b52:	06c0      	lsls	r0, r0, #27
     b54:	d506      	bpl.n	0xb64
     b56:	201f      	movs	r0, #31
     b58:	f7ff fc70 	bl	0x43c
     b5c:	68d0      	ldr	r0, [r2, #12]
     b5e:	f040 0010 	orr.w	r0, r0, #16
     b62:	60d0      	str	r0, [r2, #12]
     b64:	bd00      	pop	{pc}
     b66:	0000      	movs	r0, r0
     b68:	1000      	asrs	r0, r0, #32
     b6a:	4002      	ands	r2, r0
     b6c:	0000      	movs	r0, r0
     b6e:	f8ff ffff 	ldr??.w	pc, [pc, #4095]	@ 0x1b6f
     b72:	fef6 f800 	cdp2	8, 15, cr15, cr6, cr0, {0}
     b76:	1fff      	subs	r7, r7, #7
     b78:	2000      	movs	r0, #0
     b7a:	4002      	ands	r2, r0
     b7c:	1ffc      	subs	r4, r7, #7
     b7e:	2000      	movs	r0, #0
     b80:	01fc      	lsls	r4, r7, #7
     b82:	2000      	movs	r0, #0
     b84:	4770      	bx	lr
     b86:	f7ff bc61 	b.w	0x44c
     b8a:	0000      	movs	r0, r0
     b8c:	4c06      	ldr	r4, [pc, #24]	@ (0xba8)
     b8e:	4d07      	ldr	r5, [pc, #28]	@ (0xbac)
     b90:	e006      	b.n	0xba0
     b92:	68e0      	ldr	r0, [r4, #12]
     b94:	f040 0301 	orr.w	r3, r0, #1
     b98:	e894 0007 	ldmia.w	r4, {r0, r1, r2}
     b9c:	4798      	blx	r3
     b9e:	3410      	adds	r4, #16
     ba0:	42ac      	cmp	r4, r5
     ba2:	d3f6      	bcc.n	0xb92
     ba4:	f7ff fc38 	bl	0x418
     ba8:	f7b0 1fff 			@ <UNDEFINED> instruction: 0xf7b01fff
     bac:	f7b0 1fff 			@ <UNDEFINED> instruction: 0xf7b01fff
	...
     bd4:	0022      	movs	r2, r4
     bd6:	0010      	movs	r0, r2
     bd8:	0022      	movs	r2, r4
     bda:	0e10      	lsrs	r0, r2, #24
     bdc:	ffff ffff 			@ <UNDEFINED> instruction: 0xffffffff
     be0:	0080      	lsls	r0, r0, #2
     be2:	ffff 078e 	vabdl.u<illegal width 64>	q8, d31, d14
     be6:	0542      	lsls	r2, r0, #21
     be8:	ffff 078e 	vabdl.u<illegal width 64>	q8, d31, d14
     bec:	ffff ffff 			@ <UNDEFINED> instruction: 0xffffffff
     bf0:	ffff ffff 			@ <UNDEFINED> instruction: 0xffffffff
     bf4:	30ff      	adds	r0, #255	@ 0xff
     bf6:	fcff 9768 	ldc2l	7, cr9, [pc], #416	@ 0xd98
     bfa:	00ff      	lsls	r7, r7, #3
     bfc:	c23d      	stmia	r2!, {r0, r2, r3, r4, r5}
     bfe:	7f80      	ldrb	r0, [r0, #30]
	...
