
F100_main.bin:     file format binary


Disassembly of section .data:

00000000 <.data>:
   0:	20000400      

   4:	08000b4d      
   8:	08000a49      
   c:	08000a4b      
  10:	08000a4d      
  14:	08000a4f      
  18:	08000a51      
	...
  2c:	08000a53      
  30:	08000a55      
  34:	00000000      
  38:	08000a57      
  3c:	08000a59      
  40:	08000a69      
  44:	08000a6b      
  48:	08000a6d      
  4c:	08000a6f      

  50:	08000a71      
  54:	08000a73      
  58:	08000a75      
  5c:	08000a77      
  60:	08000a79      
  64:	08000a7b      
  68:	08000a7d      
  6c:	08000a7f      
  70:	08000a81      
  74:	08000a83      
  78:	08000a85      
  7c:	08000a87      
  80:	08000a89      
  84:	08000a8b      
  88:	08000a8d      
	...
  9c:	08000a8f      
  a0:	08000a91      
  a4:	08000a93      
  a8:	08000a95      
  ac:	08000a97      
  b0:	08000a99      
  b4:	08000a9b      
  b8:	08000a9d      
  bc:	08000a9f      
  c0:	08000aa1      
  c4:	08000aa3      
  c8:	08000aa5      
  cc:	08000aa7      
  d0:	08000aa9      
  d4:	08000aab      
  d8:	08000aad      
  dc:	08000aaf      
  e0:	08000ab1      
  e4:	08000ab3      
  e8:	08000ab5      
  ec:	08000ab7      
  f0:	08000ab9      

__mm__00f4:
  f4:	b240      	sxtb	r0, r0
  f6:	2800      	cmp	r0, #0
  f8:	d508      	bpl.n	0x10c

  fa:	b240      	sxtb	r0, r0
  fc:	f010 000f 	ands.w	r0, r0, #15
 100:	4a05      	ldr	r2, [pc, #20]	@ (0x118) {e000ed18}
 102:	1880      	adds	r0, r0, r2
 104:	0109      	lsls	r1, r1, #4
 106:	f800 1c04 	strb.w	r1, [r0, #-4]

 10a:	e003      	b.n	0x114

__mm__010c:
 10c:	b240      	sxtb	r0, r0
 10e:	4a03      	ldr	r2, [pc, #12]	@ (0x11c) {e000e400}
 110:	0109      	lsls	r1, r1, #4
 112:	5481      	strb	r1, [r0, r2]
__mm__0114:
 114:	4770      	bx	lr		@ ret

 116:	bf00      	nop

 118:	e000ed18 
 11c:	e000e400      

__mm__0120:
 120:	b580      	push	{r7, lr}
 122:	f1b0 7f80 	cmp.w	r0, #16777216	@ 0x1000000
 126:	d301      	bcc.n	0x12c

 128:	2001      	movs	r0, #1
 12a:	e010      	b.n	0x14e

__mm__012c:
 12c:	0200      	lsls	r0, r0, #8
 12e:	0a00      	lsrs	r0, r0, #8
 130:	1e40      	subs	r0, r0, #1
 132:	4907      	ldr	r1, [pc, #28]	@ (0x150) {e000e014}
 134:	6008      	str	r0, [r1, #0]
 136:	210f      	movs	r1, #15
 138:	f05f 30ff 	movs.w	r0, #4294967295
 13c:	f7ff ffda 	bl	0xf4


 140:	4804      	ldr	r0, [pc, #16]	@ (0x154)  {e000e018}
 142:	2100      	movs	r1, #0
 144:	6001      	str	r1, [r0, #0]
 146:	4822      	ldr	r0, [pc, #136]	@ (0x1d0)  {e000e010}
 148:	2107      	movs	r1, #7
 14a:	6001      	str	r1, [r0, #0]
 14c:	2000      	movs	r0, #0

__mm__014e:
 14e:	bd02      	pop	{r1, pc}	@ ret


 150:	e000e014      	b.n	0x17c
 154:	e000e018      	b.n	0x188

__mm__0158:
 158:	b580      	push	{r7, lr}
 15a:	2101      	movs	r1, #1
 15c:	2010      	movs	r0, #16
 15e:	f000 fb71 	bl	0x844

 162:	f8df 057c 	ldr.w	r0, [pc, #1404]	@ 0x6e0  {20000400}
 166:	f44f 7140 	mov.w	r1, #768	@ 0x300
 16a:	8001      	strh	r1, [r0, #0]

 16c:	f8df 0570 	ldr.w	r0, [pc, #1392]	@ 0x6e0  {20000400}
 170:	2101      	movs	r1, #1
 172:	7081      	strb	r1, [r0, #2]

 174:	f8df 0568 	ldr.w	r0, [pc, #1384]	@ 0x6e0  {20000400}
 178:	2110      	movs	r1, #16
 17a:	70c1      	strb	r1, [r0, #3]

 17c:	f8df 1560 	ldr.w	r1, [pc, #1376]	@ 0x6e0  {20000400}
 180:	f8df 0560 	ldr.w	r0, [pc, #1376]	@ 0x6e4  {40011000}
 184:	f000 fbac 	bl	0x8e0

 188:	bd01      	pop	{r0, pc}	@ ret


 18a:	0001      	movs	r1, r0
 18c:	1e48      	subs	r0, r1, #1
 18e:	2900      	cmp	r1, #0
 190:	d1fb      	bne.n	0x18a
 192:	4770      	bx	lr
 194:	b510      	push	{r4, lr}
 196:	0004      	movs	r4, r0
 198:	480c      	ldr	r0, [pc, #48]	@ (0x1cc)
 19a:	6004      	str	r4, [r0, #0]
 19c:	f645 50a2 	movw	r0, #23970	@ 0x5da2
 1a0:	f7ff ffbe 	bl	0x120
 1a4:	4809      	ldr	r0, [pc, #36]	@ (0x1cc)
 1a6:	6800      	ldr	r0, [r0, #0]
 1a8:	42a0      	cmp	r0, r4
 1aa:	d0fb      	beq.n	0x1a4
 1ac:	f645 50c0 	movw	r0, #24000	@ 0x5dc0
 1b0:	f7ff ffb6 	bl	0x120
 1b4:	4805      	ldr	r0, [pc, #20]	@ (0x1cc)
 1b6:	6800      	ldr	r0, [r0, #0]
 1b8:	2800      	cmp	r0, #0
 1ba:	d1fb      	bne.n	0x1b4
 1bc:	4804      	ldr	r0, [pc, #16]	@ (0x1d0)
 1be:	6800      	ldr	r0, [r0, #0]
 1c0:	0840      	lsrs	r0, r0, #1
 1c2:	0040      	lsls	r0, r0, #1
 1c4:	4902      	ldr	r1, [pc, #8]	@ (0x1d0)
 1c6:	6008      	str	r0, [r1, #0]
 1c8:	bd10      	pop	{r4, pc}
 1ca:	0000      	movs	r0, r0

 1cc:	20000418      	
 1d0:	e000e010      	

__sub__01d4:
 1d4:	b580      	push	{r7, lr}
 1d6:	f8df 04e4 	ldr.w	r0, [pc, #1252]	@ 0x6bc
 1da:	2100      	movs	r1, #0
 1dc:	6001      	str	r1, [r0, #0]

 1de:	f8df 04e0 	ldr.w	r0, [pc, #1248]	@ 0x6c0
 1e2:	2106      	movs	r1, #6
 1e4:	6001      	str	r1, [r0, #0]

 1e6:	f8df 04dc 	ldr.w	r0, [pc, #1244]	@ 0x6c4
 1ea:	2100      	movs	r1, #0
 1ec:	6001      	str	r1, [r0, #0]

 1ee:	f000 fa7b 	bl	0x6e8

 1f2:	2000      	movs	r0, #0
 1f4:	f000 faf1 	bl	0x7da

 1f8:	2000      	movs	r0, #0
 1fa:	f000 fb02 	bl	0x802

 1fe:	2000      	movs	r0, #0
 200:	f000 faf5 	bl	0x7ee

 204:	f45f 3080 	movs.w	r0, #65536	@ 0x10000
 208:	f000 fa9c 	bl	0x744

 20c:	f7ff ffa4 	bl	0x158

 210:	f44f 7140 	mov.w	r1, #768	@ 0x300
 214:	f8df 04cc 	ldr.w	r0, [pc, #1228]	@ 0x6e4  {40011000}
 218:	f000 fbd5 	bl	0x9c6
 21c:	e030      	b.n	0x280


 21e:	f8df 04a8 	ldr.w	r0, [pc, #1192]	@ 0x6c8
 222:	6800      	ldr	r0, [r0, #0]
 224:	0380      	lsls	r0, r0, #14
 226:	d403      	bmi.n	0x230

 228:	f44f 707a 	mov.w	r0, #1000	@ 0x3e8
 22c:	f7ff ffad 	bl	0x18a

 230:	f8df 0494 	ldr.w	r0, [pc, #1172]	@ 0x6c8
 234:	6800      	ldr	r0, [r0, #0]
 236:	0380      	lsls	r0, r0, #14
 238:	d403      	bmi.n	0x242

 23a:	f8df 0490 	ldr.w	r0, [pc, #1168]	@ 0x6cc
 23e:	f7ff ffa4 	bl	0x18a

 242:	f8df 0484 	ldr.w	r0, [pc, #1156]	@ 0x6c8
 246:	6800      	ldr	r0, [r0, #0]
 248:	0380      	lsls	r0, r0, #14
 24a:	d405      	bmi.n	0x258

 24c:	f44f 7180 	mov.w	r1, #256	@ 0x100
 250:	f8df 0490 	ldr.w	r0, [pc, #1168]	@ 0x6e4
 254:	f000 fbb4 	bl	0x9c0

 258:	f8df 046c 	ldr.w	r0, [pc, #1132]	@ 0x6c8
 25c:	6800      	ldr	r0, [r0, #0]
 25e:	0380      	lsls	r0, r0, #14
 260:	d403      	bmi.n	0x26a

 262:	f8df 0468 	ldr.w	r0, [pc, #1128]	@ 0x6cc
 266:	f7ff ff90 	bl	0x18a

 26a:	f8df 045c 	ldr.w	r0, [pc, #1116]	@ 0x6c8
 26e:	6800      	ldr	r0, [r0, #0]
 270:	0380      	lsls	r0, r0, #14
 272:	d405      	bmi.n	0x280

 274:	f44f 7180 	mov.w	r1, #256	@ 0x100
 278:	f8df 0468 	ldr.w	r0, [pc, #1128]	@ 0x6e4
 27c:	f000 fba3 	bl	0x9c6

__mm__0280:
 280:	f8df 0444 	ldr.w	r0, [pc, #1092]	@ 0x6c8  {40021000}
 284:	6800      	ldr	r0, [r0, #0]
 286:	0380      	lsls	r0, r0, #14
 288:	d5c9      	bpl.n	0x21e           @ 

 28a:	f44f 7180 	mov.w	r1, #256	@ 0x100
 28e:	f8df 0454 	ldr.w	r0, [pc, #1108]	@ 0x6e4  {40011000}
 292:	f000 fb98 	bl	0x9c6

 296:	f8df 0438 	ldr.w	r0, [pc, #1080]	@ 0x6d0
 29a:	2100      	movs	r1, #0
 29c:	6001      	str	r1, [r0, #0]    @ 

 29e:	f45f 2180 	movs.w	r1, #262144	@ 0x40000
 2a2:	f45f 3080 	movs.w	r0, #65536	@ 0x10000
 2a6:	f000 fa76 	bl	0x796

 2aa:	2001      	movs	r0, #1
 2ac:	f000 fa80 	bl	0x7b0

 2b0:	e030      	b.n	0x314


 2b2:	f8df 0414 	ldr.w	r0, [pc, #1044]	@ 0x6c8
 2b6:	6800      	ldr	r0, [r0, #0]
 2b8:	0180      	lsls	r0, r0, #6
 2ba:	d403      	bmi.n	0x2c4

 2bc:	f44f 707a 	mov.w	r0, #1000	@ 0x3e8
 2c0:	f7ff ff63 	bl	0x18a

 2c4:	f8df 0400 	ldr.w	r0, [pc, #1024]	@ 0x6c8
 2c8:	6800      	ldr	r0, [r0, #0]
 2ca:	0180      	lsls	r0, r0, #6
 2cc:	d403      	bmi.n	0x2d6

 2ce:	f8df 03fc 	ldr.w	r0, [pc, #1020]	@ 0x6cc
 2d2:	f7ff ff5a 	bl	0x18a

 2d6:	f8df 03f0 	ldr.w	r0, [pc, #1008]	@ 0x6c8
 2da:	6800      	ldr	r0, [r0, #0]
 2dc:	0180      	lsls	r0, r0, #6
 2de:	d405      	bmi.n	0x2ec

 2e0:	f44f 7180 	mov.w	r1, #256	@ 0x100
 2e4:	f8df 03fc 	ldr.w	r0, [pc, #1020]	@ 0x6e4
 2e8:	f000 fb6a 	bl	0x9c0

 2ec:	f8df 03d8 	ldr.w	r0, [pc, #984]	@ 0x6c8
 2f0:	6800      	ldr	r0, [r0, #0]
 2f2:	0180      	lsls	r0, r0, #6
 2f4:	d403      	bmi.n	0x2fe

 2f6:	f8df 03d4 	ldr.w	r0, [pc, #980]	@ 0x6cc
 2fa:	f7ff ff46 	bl	0x18a

 2fe:	f8df 03c8 	ldr.w	r0, [pc, #968]	@ 0x6c8
 302:	6800      	ldr	r0, [r0, #0]
 304:	0180      	lsls	r0, r0, #6
 306:	d405      	bmi.n	0x314

 308:	f44f 7180 	mov.w	r1, #256	@ 0x100
 30c:	f8df 03d4 	ldr.w	r0, [pc, #980]	@ 0x6e4
 310:	f000 fb59 	bl	0x9c6


 314:	f8df 03b0 	ldr.w	r0, [pc, #944]	@ 0x6c8
 318:	6800      	ldr	r0, [r0, #0]
 31a:	0180      	lsls	r0, r0, #6
 31c:	d5c9      	bpl.n	0x2b2

 31e:	2002      	movs	r0, #2
 320:	f000 fa4c 	bl	0x7bc

 324:	f000 fa54 	bl	0x7d0

 328:	2808      	cmp	r0, #8
 32a:	d1fb      	bne.n	0x324

 32c:	2101      	movs	r1, #1
 32e:	f05f 5080 	movs.w	r0, #268435456	@ 0x10000000
 332:	f000 fa99 	bl	0x868

 336:	2001      	movs	r0, #1
 338:	f000 fc1e 	bl	0xb78

 33c:	f44f 60a0 	mov.w	r0, #1280	@ 0x500
 340:	f000 fbbc 	bl	0xabc

 344:	2100      	movs	r1, #0
 346:	f05f 6000 	movs.w	r0, #134217728	@ 0x8000000
 34a:	f000 fbc1 	bl	0xad0

 34e:	2101      	movs	r1, #1
 350:	2014      	movs	r0, #20
 352:	f000 fa77 	bl	0x844

 356:	f8df 0388 	ldr.w	r0, [pc, #904]	@ 0x6e0
 35a:	2101      	movs	r1, #1
 35c:	8001      	strh	r1, [r0, #0]
 35e:	f8df 0380 	ldr.w	r0, [pc, #896]	@ 0x6e0
 362:	2104      	movs	r1, #4
 364:	70c1      	strb	r1, [r0, #3]
 366:	f8df 1378 	ldr.w	r1, [pc, #888]	@ 0x6e0
 36a:	f8df 0368 	ldr.w	r0, [pc, #872]	@ 0x6d4
 36e:	f000 fab7 	bl	0x8e0

 372:	2001      	movs	r0, #1
 374:	f000 fa50 	bl	0x818

 378:	e7ff      	b.n	0x37a

 37a:	2101      	movs	r1, #1
 37c:	f8df 0354 	ldr.w	r0, [pc, #852]	@ 0x6d4
 380:	f000 fb14 	bl	0x9ac

 384:	2800      	cmp	r0, #0
 386:	d026      	beq.n	0x3d6

 388:	2032      	movs	r0, #50	@ 0x32
 38a:	f7ff ff03 	bl	0x194

 38e:	2101      	movs	r1, #1
 390:	f8df 0340 	ldr.w	r0, [pc, #832]	@ 0x6d4
 394:	f000 fb0a 	bl	0x9ac

 398:	2800      	cmp	r0, #0
 39a:	d01c      	beq.n	0x3d6

 39c:	f8df 0324 	ldr.w	r0, [pc, #804]	@ 0x6c4
 3a0:	2101      	movs	r1, #1
 3a2:	6001      	str	r1, [r0, #0]
 3a4:	f44f 7180 	mov.w	r1, #256	@ 0x100
 3a8:	f8df 0338 	ldr.w	r0, [pc, #824]	@ 0x6e4
 3ac:	f000 fb08 	bl	0x9c0

 3b0:	f44f 707a 	mov.w	r0, #1000	@ 0x3e8
 3b4:	f7ff feee 	bl	0x194

 3b8:	f44f 7180 	mov.w	r1, #256	@ 0x100
 3bc:	f8df 0324 	ldr.w	r0, [pc, #804]	@ 0x6e4
 3c0:	f000 fb01 	bl	0x9c6

 3c4:	f8df 02f8 	ldr.w	r0, [pc, #760]	@ 0x6c0
 3c8:	2101      	movs	r1, #1
 3ca:	6001      	str	r1, [r0, #0]

 3cc:	f8df 0308 	ldr.w	r0, [pc, #776]	@ 0x6d8
 3d0:	2100      	movs	r1, #0
 3d2:	6001      	str	r1, [r0, #0]
 3d4:	e088      	b.n	0x4e8

 3d6:	f44f 7100 	mov.w	r1, #512	@ 0x200
 3da:	f8df 0308 	ldr.w	r0, [pc, #776]	@ 0x6e4
 3de:	f000 faef 	bl	0x9c0

 3e2:	48b6      	ldr	r0, [pc, #728]	@ (0x6bc)
 3e4:	6800      	ldr	r0, [r0, #0]
 3e6:	0600      	lsls	r0, r0, #24
 3e8:	d504      	bpl.n	0x3f4

 3ea:	f44f 7180 	mov.w	r1, #256	@ 0x100
 3ee:	48bd      	ldr	r0, [pc, #756]	@ (0x6e4)
 3f0:	f000 fae6 	bl	0x9c0

 3f4:	48b9      	ldr	r0, [pc, #740]	@ (0x6dc)
 3f6:	2100      	movs	r1, #0
 3f8:	6001      	str	r1, [r0, #0]
 3fa:	e004      	b.n	0x406

 3fc:	48b7      	ldr	r0, [pc, #732]	@ (0x6dc)
 3fe:	6800      	ldr	r0, [r0, #0]
 400:	1c40      	adds	r0, r0, #1
 402:	49b6      	ldr	r1, [pc, #728]	@ (0x6dc)
 404:	6008      	str	r0, [r1, #0]

 406:	48b5      	ldr	r0, [pc, #724]	@ (0x6dc)
 408:	6800      	ldr	r0, [r0, #0]
 40a:	2864      	cmp	r0, #100	@ 0x64
 40c:	d20c      	bcs.n	0x428

 40e:	200a      	movs	r0, #10
 410:	f7ff fec0 	bl	0x194

 414:	2101      	movs	r1, #1
 416:	48af      	ldr	r0, [pc, #700]	@ (0x6d4)
 418:	f000 fac8 	bl	0x9ac

 41c:	2800      	cmp	r0, #0
 41e:	d0ed      	beq.n	0x3fc

 420:	48a8      	ldr	r0, [pc, #672]	@ (0x6c4)
 422:	6800      	ldr	r0, [r0, #0]
 424:	2800      	cmp	r0, #0
 426:	d1e9      	bne.n	0x3fc

 428:	48ac      	ldr	r0, [pc, #688]	@ (0x6dc)
 42a:	6800      	ldr	r0, [r0, #0]
 42c:	2864      	cmp	r0, #100	@ 0x64
 42e:	d3a4      	bcc.n	0x37a

 430:	48a2      	ldr	r0, [pc, #648]	@ (0x6bc)
 432:	6800      	ldr	r0, [r0, #0]
 434:	2880      	cmp	r0, #128	@ 0x80
 436:	d204      	bcs.n	0x442

 438:	48a0      	ldr	r0, [pc, #640]	@ (0x6bc)
 43a:	6800      	ldr	r0, [r0, #0]
 43c:	300a      	adds	r0, #10
 43e:	499f      	ldr	r1, [pc, #636]	@ (0x6bc)
 440:	6008      	str	r0, [r1, #0]
 442:	f44f 7100 	mov.w	r1, #512	@ 0x200
 446:	48a7      	ldr	r0, [pc, #668]	@ (0x6e4)
 448:	f000 fabd 	bl	0x9c6

 44c:	f44f 7180 	mov.w	r1, #256	@ 0x100
 450:	48a4      	ldr	r0, [pc, #656]	@ (0x6e4)
 452:	f000 fab8 	bl	0x9c6

 456:	48a1      	ldr	r0, [pc, #644]	@ (0x6dc)
 458:	2100      	movs	r1, #0
 45a:	6001      	str	r1, [r0, #0]
 45c:	e004      	b.n	0x468

 45e:	489f      	ldr	r0, [pc, #636]	@ (0x6dc)
 460:	6800      	ldr	r0, [r0, #0]
 462:	1c40      	adds	r0, r0, #1
 464:	499d      	ldr	r1, [pc, #628]	@ (0x6dc)
 466:	6008      	str	r0, [r1, #0]

 468:	489c      	ldr	r0, [pc, #624]	@ (0x6dc)
 46a:	6800      	ldr	r0, [r0, #0]
 46c:	2864      	cmp	r0, #100	@ 0x64
 46e:	d20c      	bcs.n	0x48a

 470:	200a      	movs	r0, #10
 472:	f7ff fe8f 	bl	0x194

 476:	2101      	movs	r1, #1
 478:	4896      	ldr	r0, [pc, #600]	@ (0x6d4)
 47a:	f000 fa97 	bl	0x9ac

 47e:	2800      	cmp	r0, #0
 480:	d0ed      	beq.n	0x45e

 482:	4890      	ldr	r0, [pc, #576]	@ (0x6c4)
 484:	6800      	ldr	r0, [r0, #0]
 486:	2800      	cmp	r0, #0
 488:	d1e9      	bne.n	0x45e

 48a:	4894      	ldr	r0, [pc, #592]	@ (0x6dc)
 48c:	6800      	ldr	r0, [r0, #0]
 48e:	2864      	cmp	r0, #100	@ 0x64
 490:	f4ff af73 	bcc.w	0x37a

 494:	4889      	ldr	r0, [pc, #548]	@ (0x6bc)
 496:	6800      	ldr	r0, [r0, #0]
 498:	2880      	cmp	r0, #128	@ 0x80
 49a:	d204      	bcs.n	0x4a6

 49c:	4887      	ldr	r0, [pc, #540]	@ (0x6bc)
 49e:	6800      	ldr	r0, [r0, #0]
 4a0:	300a      	adds	r0, #10
 4a2:	4986      	ldr	r1, [pc, #536]	@ (0x6bc)
 4a4:	6008      	str	r0, [r1, #0]
 4a6:	4885      	ldr	r0, [pc, #532]	@ (0x6bc)
 4a8:	6800      	ldr	r0, [r0, #0]
 4aa:	2880      	cmp	r0, #128	@ 0x80
 4ac:	f4bf af65 	bcs.w	0x37a
 4b0:	4882      	ldr	r0, [pc, #520]	@ (0x6bc)
 4b2:	6800      	ldr	r0, [r0, #0]
 4b4:	283c      	cmp	r0, #60	@ 0x3c
 4b6:	f4ff af60 	bcc.w	0x37a
 4ba:	2041      	movs	r0, #65	@ 0x41
 4bc:	f000 f9e6 	bl	0x88c
 4c0:	2800      	cmp	r0, #0
 4c2:	d106      	bne.n	0x4d2
 4c4:	487d      	ldr	r0, [pc, #500]	@ (0x6bc)
 4c6:	6800      	ldr	r0, [r0, #0]
 4c8:	f050 0080 	orrs.w	r0, r0, #128	@ 0x80
 4cc:	497b      	ldr	r1, [pc, #492]	@ (0x6bc)
 4ce:	6008      	str	r0, [r1, #0]
 4d0:	e006      	b.n	0x4e0
 4d2:	487a      	ldr	r0, [pc, #488]	@ (0x6bc)
 4d4:	6800      	ldr	r0, [r0, #0]
 4d6:	f44f 7180 	mov.w	r1, #256	@ 0x100
 4da:	4308      	orrs	r0, r1
 4dc:	4977      	ldr	r1, [pc, #476]	@ (0x6bc)
 4de:	6008      	str	r0, [r1, #0]
 4e0:	2000      	movs	r0, #0
 4e2:	f000 f999 	bl	0x818
 4e6:	e748      	b.n	0x37a
 4e8:	2101      	movs	r1, #1
 4ea:	487a      	ldr	r0, [pc, #488]	@ (0x6d4)
 4ec:	f000 fa5e 	bl	0x9ac
 4f0:	2800      	cmp	r0, #0
 4f2:	d02a      	beq.n	0x54a
 4f4:	4873      	ldr	r0, [pc, #460]	@ (0x6c4)
 4f6:	6800      	ldr	r0, [r0, #0]
 4f8:	2800      	cmp	r0, #0
 4fa:	d136      	bne.n	0x56a
 4fc:	2032      	movs	r0, #50	@ 0x32
 4fe:	f7ff fe49 	bl	0x194
 502:	2101      	movs	r1, #1
 504:	4873      	ldr	r0, [pc, #460]	@ (0x6d4)
 506:	f000 fa51 	bl	0x9ac
 50a:	2800      	cmp	r0, #0
 50c:	d02d      	beq.n	0x56a
 50e:	486d      	ldr	r0, [pc, #436]	@ (0x6c4)
 510:	2101      	movs	r1, #1
 512:	6001      	str	r1, [r0, #0]
 514:	f44f 7180 	mov.w	r1, #256	@ 0x100
 518:	4872      	ldr	r0, [pc, #456]	@ (0x6e4)
 51a:	f000 fa51 	bl	0x9c0
 51e:	f44f 707a 	mov.w	r0, #1000	@ 0x3e8
 522:	f7ff fe37 	bl	0x194
 526:	f44f 7180 	mov.w	r1, #256	@ 0x100
 52a:	486e      	ldr	r0, [pc, #440]	@ (0x6e4)
 52c:	f000 fa4b 	bl	0x9c6
 530:	4863      	ldr	r0, [pc, #396]	@ (0x6c0)
 532:	6800      	ldr	r0, [r0, #0]
 534:	1c40      	adds	r0, r0, #1
 536:	4962      	ldr	r1, [pc, #392]	@ (0x6c0)
 538:	6008      	str	r0, [r1, #0]
 53a:	4861      	ldr	r0, [pc, #388]	@ (0x6c0)
 53c:	6800      	ldr	r0, [r0, #0]
 53e:	2803      	cmp	r0, #3
 540:	d113      	bne.n	0x56a
 542:	485f      	ldr	r0, [pc, #380]	@ (0x6c0)
 544:	2100      	movs	r1, #0
 546:	6001      	str	r1, [r0, #0]
 548:	e00f      	b.n	0x56a
 54a:	485e      	ldr	r0, [pc, #376]	@ (0x6c4)
 54c:	6800      	ldr	r0, [r0, #0]
 54e:	2801      	cmp	r0, #1
 550:	d10b      	bne.n	0x56a
 552:	2032      	movs	r0, #50	@ 0x32
 554:	f7ff fe1e 	bl	0x194
 558:	2101      	movs	r1, #1
 55a:	485e      	ldr	r0, [pc, #376]	@ (0x6d4)
 55c:	f000 fa26 	bl	0x9ac
 560:	2800      	cmp	r0, #0
 562:	d102      	bne.n	0x56a
 564:	4857      	ldr	r0, [pc, #348]	@ (0x6c4)
 566:	2100      	movs	r1, #0
 568:	6001      	str	r1, [r0, #0]
 56a:	485c      	ldr	r0, [pc, #368]	@ (0x6dc)
 56c:	2100      	movs	r1, #0
 56e:	6001      	str	r1, [r0, #0]
 570:	e004      	b.n	0x57c
 572:	485a      	ldr	r0, [pc, #360]	@ (0x6dc)
 574:	6800      	ldr	r0, [r0, #0]
 576:	1c40      	adds	r0, r0, #1
 578:	4958      	ldr	r1, [pc, #352]	@ (0x6dc)
 57a:	6008      	str	r0, [r1, #0]
 57c:	4857      	ldr	r0, [pc, #348]	@ (0x6dc)
 57e:	6800      	ldr	r0, [r0, #0]
 580:	280a      	cmp	r0, #10
 582:	d20c      	bcs.n	0x59e
 584:	200a      	movs	r0, #10
 586:	f7ff fe05 	bl	0x194
 58a:	2101      	movs	r1, #1
 58c:	4851      	ldr	r0, [pc, #324]	@ (0x6d4)
 58e:	f000 fa0d 	bl	0x9ac
 592:	2800      	cmp	r0, #0
 594:	d0ed      	beq.n	0x572
 596:	484b      	ldr	r0, [pc, #300]	@ (0x6c4)
 598:	6800      	ldr	r0, [r0, #0]
 59a:	2800      	cmp	r0, #0
 59c:	d1e9      	bne.n	0x572
 59e:	484f      	ldr	r0, [pc, #316]	@ (0x6dc)
 5a0:	6800      	ldr	r0, [r0, #0]
 5a2:	280a      	cmp	r0, #10
 5a4:	d3a0      	bcc.n	0x4e8
 5a6:	484c      	ldr	r0, [pc, #304]	@ (0x6d8)
 5a8:	6800      	ldr	r0, [r0, #0]
 5aa:	1c40      	adds	r0, r0, #1
 5ac:	494a      	ldr	r1, [pc, #296]	@ (0x6d8)
 5ae:	6008      	str	r0, [r1, #0]
 5b0:	4842      	ldr	r0, [pc, #264]	@ (0x6bc)
 5b2:	6800      	ldr	r0, [r0, #0]
 5b4:	283c      	cmp	r0, #60	@ 0x3c
 5b6:	d205      	bcs.n	0x5c4
 5b8:	4840      	ldr	r0, [pc, #256]	@ (0x6bc)
 5ba:	6800      	ldr	r0, [r0, #0]
 5bc:	1c40      	adds	r0, r0, #1
 5be:	493f      	ldr	r1, [pc, #252]	@ (0x6bc)
 5c0:	6008      	str	r0, [r1, #0]
 5c2:	e01d      	b.n	0x600
 5c4:	483d      	ldr	r0, [pc, #244]	@ (0x6bc)
 5c6:	6800      	ldr	r0, [r0, #0]
 5c8:	2880      	cmp	r0, #128	@ 0x80
 5ca:	d219      	bcs.n	0x600
 5cc:	483b      	ldr	r0, [pc, #236]	@ (0x6bc)
 5ce:	6800      	ldr	r0, [r0, #0]
 5d0:	283c      	cmp	r0, #60	@ 0x3c
 5d2:	d315      	bcc.n	0x600
 5d4:	2041      	movs	r0, #65	@ 0x41
 5d6:	f000 f959 	bl	0x88c
 5da:	2800      	cmp	r0, #0
 5dc:	d106      	bne.n	0x5ec
 5de:	4837      	ldr	r0, [pc, #220]	@ (0x6bc)
 5e0:	6800      	ldr	r0, [r0, #0]
 5e2:	f050 0080 	orrs.w	r0, r0, #128	@ 0x80
 5e6:	4935      	ldr	r1, [pc, #212]	@ (0x6bc)
 5e8:	6008      	str	r0, [r1, #0]
 5ea:	e006      	b.n	0x5fa
 5ec:	4833      	ldr	r0, [pc, #204]	@ (0x6bc)
 5ee:	6800      	ldr	r0, [r0, #0]
 5f0:	f44f 7180 	mov.w	r1, #256	@ 0x100
 5f4:	4308      	orrs	r0, r1
 5f6:	4931      	ldr	r1, [pc, #196]	@ (0x6bc)
 5f8:	6008      	str	r0, [r1, #0]
 5fa:	2000      	movs	r0, #0
 5fc:	f000 f90c 	bl	0x818
 600:	482f      	ldr	r0, [pc, #188]	@ (0x6c0)
 602:	6800      	ldr	r0, [r0, #0]
 604:	2802      	cmp	r0, #2
 606:	d10f      	bne.n	0x628
 608:	4833      	ldr	r0, [pc, #204]	@ (0x6d8)
 60a:	6800      	ldr	r0, [r0, #0]
 60c:	07c0      	lsls	r0, r0, #31
 60e:	d405      	bmi.n	0x61c
 610:	f44f 7100 	mov.w	r1, #512	@ 0x200
 614:	4833      	ldr	r0, [pc, #204]	@ (0x6e4)
 616:	f000 f9d3 	bl	0x9c0
 61a:	e02b      	b.n	0x674
 61c:	f44f 7100 	mov.w	r1, #512	@ 0x200
 620:	4830      	ldr	r0, [pc, #192]	@ (0x6e4)
 622:	f000 f9d0 	bl	0x9c6
 626:	e025      	b.n	0x674
 628:	4825      	ldr	r0, [pc, #148]	@ (0x6c0)
 62a:	6800      	ldr	r0, [r0, #0]
 62c:	2801      	cmp	r0, #1
 62e:	d11c      	bne.n	0x66a

 630:	4829      	ldr	r0, [pc, #164]	@ (0x6d8)
 632:	6800      	ldr	r0, [r0, #0]
 634:	2104      	movs	r1, #4
 636:	fbb0 f2f1 	udiv	r2, r0, r1
 63a:	fb02 0211 	mls	r2, r2, r1, r0
 63e:	2a02      	cmp	r2, #2
 640:	d104      	bne.n	0x64c

 642:	f44f 7100 	mov.w	r1, #512	@ 0x200
 646:	4827      	ldr	r0, [pc, #156]	@ (0x6e4)
 648:	f000 f9ba 	bl	0x9c0

 64c:	4822      	ldr	r0, [pc, #136]	@ (0x6d8)
 64e:	6800      	ldr	r0, [r0, #0]
 650:	2104      	movs	r1, #4
 652:	fbb0 f2f1 	udiv	r2, r0, r1
 656:	fb02 0211 	mls	r2, r2, r1, r0
 65a:	2a00      	cmp	r2, #0
 65c:	d10a      	bne.n	0x674

 65e:	f44f 7100 	mov.w	r1, #512	@ 0x200
 662:	4820      	ldr	r0, [pc, #128]	@ (0x6e4)
 664:	f000 f9af 	bl	0x9c6

 668:	e004      	b.n	0x674

 66a:	f44f 7100 	mov.w	r1, #512	@ 0x200
 66e:	481d      	ldr	r0, [pc, #116]	@ (0x6e4)
 670:	f000 f9a9 	bl	0x9c6

 674:	4811      	ldr	r0, [pc, #68]	@ (0x6bc)
 676:	6800      	ldr	r0, [r0, #0]
 678:	0600      	lsls	r0, r0, #24
 67a:	f57f af35 	bpl.w	0x4e8

 67e:	4816      	ldr	r0, [pc, #88]	@ (0x6d8)
 680:	6800      	ldr	r0, [r0, #0]
 682:	2114      	movs	r1, #20
 684:	fbb0 f2f1 	udiv	r2, r0, r1
 688:	fb01 0012 	mls	r0, r1, r2, r0
 68c:	280a      	cmp	r0, #10
 68e:	d104      	bne.n	0x69a

 690:	f44f 7180 	mov.w	r1, #256	@ 0x100
 694:	4813      	ldr	r0, [pc, #76]	@ (0x6e4)
 696:	f000 f993 	bl	0x9c0

 69a:	480f      	ldr	r0, [pc, #60]	@ (0x6d8)
 69c:	6800      	ldr	r0, [r0, #0]
 69e:	2114      	movs	r1, #20
 6a0:	fbb0 f2f1 	udiv	r2, r0, r1
 6a4:	fb01 0012 	mls	r0, r1, r2, r0
 6a8:	2800      	cmp	r0, #0
 6aa:	f47f af1d 	bne.w	0x4e8
 6ae:	f44f 7180 	mov.w	r1, #256	@ 0x100
 6b2:	480c      	ldr	r0, [pc, #48]	@ (0x6e4)
 6b4:	f000 f987 	bl	0x9c6

 6b8:	e716      	b.n	0x4e8

 6ba:	bf00      	nop

 6bc:	20000404      	
 6c0:	20000408      	
 6c4:	20000414      	

 6c8:	40021000      	
 6cc:	000f4240     
 6d0:	40022000     

 6d4:	40010800     
 6d8:	2000040c     
 6dc:	20000410     

 6e0:	20000400      
 6e4:	40011000      

__sub__06e8:
	# setup RCC - HSI

 6e8:	f8df 01e4 	ldr.w	r0, [pc, #484]	@ 0x8d0
 6ec:	6800      	ldr	r0, [r0, #0]
 6ee:	f050 0001 	orrs.w	r0, r0, #1
 6f2:	f8df 11dc 	ldr.w	r1, [pc, #476]	@ 0x8d0
 6f6:	6008      	str	r0, [r1, #0]

 6f8:	4851      	ldr	r0, [pc, #324]	@ (0x840)    {40021004}
 6fa:	6800      	ldr	r0, [r0, #0]
 6fc:	490f      	ldr	r1, [pc, #60]	@ (0x73c)    {F8FF0000}
 6fe:	4008      	ands	r0, r1
 700:	494f      	ldr	r1, [pc, #316]	@ (0x840)
 702:	6008      	str	r0, [r1, #0]    @ clear bits0-15,24-26 in RCC_CFGR 
						@ HSI and no prescalers

 704:	f8df 01c8 	ldr.w	r0, [pc, #456]	@ 0x8d0      {40021000}
 708:	6800      	ldr	r0, [r0, #0]
 70a:	490d      	ldr	r1, [pc, #52]	@ (0x740)    {fef6ffff}
 70c:	4008      	ands	r0, r1
 70e:	f8df 11c0 	ldr.w	r1, [pc, #448]	@ 0x8d0
 712:	6008      	str	r0, [r1, #0]    @ clear bits16,19,24 in RCC_CR
						@ HSE-off, PLL-off, CSS-off

 714:	f8df 01b8 	ldr.w	r0, [pc, #440]	@ 0x8d0      {40021000}
 718:	6800      	ldr	r0, [r0, #0]
 71a:	f430 2080 	bics.w	r0, r0, #262144	@ 0x40000
 71e:	f8df 11b0 	ldr.w	r1, [pc, #432]	@ 0x8d0
 722:	6008      	str	r0, [r1, #0]    @ clear bit18 in RCC_CR
						@ off HSE bypass

 724:	4846      	ldr	r0, [pc, #280]	@ (0x840)    {40021004}
 726:	6800      	ldr	r0, [r0, #0]
 728:	f430 00fe 	bics.w	r0, r0,#8323072	@ 0x7f0000
 72c:	4944      	ldr	r1, [pc, #272]	@ (0x840)
 72e:	6008      	str	r0, [r1, #0]    @ clear bits16-22 in RCC_CFGR
						@ HSI/2 -> PLL -> PLL*2 ->

 730:	f8df 01a8 	ldr.w	r0, [pc, #424]	@ 0x8dc      {40021008}
 734:	f45f 011f 	movs.w	r1, #10420224	@ 0x9f0000
 738:	6001      	str	r1, [r0, #0]	@ clear all flags in RCC_CIR

 73a:	4770      	bx	lr		@ ret

 73c:	f8ff0000      	
 740:	fef6ffff 	

__sub__0744:
	# set HSEON  or  HSEON + HSEBYP

 744:   f8df 1188   ??  ldr.w	r1, [pc, #392]	@ 0x8d0    {40021000}  RCC
 748:	6809      	ldr	r1, [r1, #0]
 74a:	f431 3180 	bics.w	r1, r1, #65536	@ 0x10000
 74e:	f8df 2180 	ldr.w	r2, [pc, #384]	@ 0x8d0
 752:	6011      	str	r1, [r2, #0]               @ clear HSEON

 754:	f8df 1178 	ldr.w	r1, [pc, #376]	@ 0x8d0
 758:	6809      	ldr	r1, [r1, #0]
 75a:	f431 2180 	bics.w	r1, r1, #262144	@ 0x40000
 75e:	f8df 2170 	ldr.w	r2, [pc, #368]	@ 0x8d0
 762:	6011      	str	r1, [r2, #0]               @ clear HSEBYP

 764:	f5b0 3f80 	cmp.w	r0, #65536	@ 0x10000
 768:	d003      	beq.n	0x772			   @ if r0 == 0x10000 --> 0772	

 76a:	f5b0 2f80 	cmp.w	r0, #262144	@ 0x40000
 76e:	d009      	beq.n	0x784                      @ if r0 == 0x40000 --> 0784	

 770:	e010      	b.n	0x794

__mm__0772:
 772:	f8df 015c 	ldr.w	r0, [pc, #348]	@ 0x8d0
 776:	6800      	ldr	r0, [r0, #0]
 778:	f450 3080 	orrs.w	r0, r0, #65536	@ 0x10000
 77c:	f8df 1150 	ldr.w	r1, [pc, #336]	@ 0x8d0
 780:	6008      	str	r0, [r1, #0]               @ set HSEON
 782:	e007      	b.n	0x794

__mm__0784:
 784:	f8df 0148 	ldr.w	r0, [pc, #328]	@ 0x8d0
 788:	6800      	ldr	r0, [r0, #0]
 78a:	f450 20a0 	orrs.w	r0, r0, #327680	@ 0x50000
 78e:	f8df 1140 	ldr.w	r1, [pc, #320]	@ 0x8d0
 792:	6008      	str	r0, [r1, #0]               @ set HSEON + HSEBYP

__mm__0794:
 794:	4770      	bx	lr		@ ret


 796:	2200      	movs	r2, #0
 798:	4b29      	ldr	r3, [pc, #164]	@ (0x840)
 79a:	681b      	ldr	r3, [r3, #0]
 79c:	001a      	movs	r2, r3
 79e:	f432 127c 	bics.w	r2, r2, #4128768	@ 0x3f0000
 7a2:	4308      	orrs	r0, r1
 7a4:	4302      	orrs	r2, r0
 7a6:	4826      	ldr	r0, [pc, #152]	@ (0x840)
 7a8:	6002      	str	r2, [r0, #0]

 7aa:	4770      	bx	lr		@ ret


 7ac:	0000      	movs	r0, r0
 7ae:	0000      	movs	r0, r0
 7b0:	4901      	ldr	r1, [pc, #4]	@ (0x7b8)
 7b2:	b2c0      	uxtb	r0, r0
 7b4:	6008      	str	r0, [r1, #0]
 7b6:	4770      	bx	lr


 7b8:	42420060     

 7bc:	2100      	movs	r1, #0
 7be:	4a20      	ldr	r2, [pc, #128]	@ (0x840)
 7c0:	6812      	ldr	r2, [r2, #0]
 7c2:	0011      	movs	r1, r2
 7c4:	0889      	lsrs	r1, r1, #2
 7c6:	0089      	lsls	r1, r1, #2
 7c8:	4301      	orrs	r1, r0
 7ca:	481d      	ldr	r0, [pc, #116]	@ (0x840)
 7cc:	6001      	str	r1, [r0, #0]
 7ce:	4770      	bx	lr		@ ret


 7d0:	481b      	ldr	r0, [pc, #108]	@ (0x840)
 7d2:	6800      	ldr	r0, [r0, #0]
 7d4:	f010 000c 	ands.w	r0, r0, #12
 7d8:	4770      	bx	lr		@ ret

__sub__07da:
	# setup RCC_CFGR.HPRE from r0

 7da:	2100      	movs	r1, #0
 7dc:	4a18      	ldr	r2, [pc, #96]	@ (0x840)  {40021004}
 7de:	6812      	ldr	r2, [r2, #0]
 7e0:	0011      	movs	r1, r2
 7e2:	f031 01f0 	bics.w	r1, r1, #240	@ 0xf0
 7e6:	4301      	orrs	r1, r0
 7e8:	4815      	ldr	r0, [pc, #84]	@ (0x840)
 7ea:	6001      	str	r1, [r0, #0]	@ clear bits4-7 in RCC_CFGR {HPRE}
						@ set bits from r0

 7ec:	4770      	bx	lr		@ ret


__sub__0802:
	# setup RCC_CFGR.PPRE1 from r0   // APB1 HCLK

 7ee:	2100      	movs	r1, #0
 7f0:	4a13      	ldr	r2, [pc, #76]	@ (0x840)  {40021004}
 7f2:	6812      	ldr	r2, [r2, #0]
 7f4:	0011      	movs	r1, r2
 7f6:	f431 61e0 	bics.w	r1, r1, #1792	@ 0x700
 7fa:	4301      	orrs	r1, r0
 7fc:	4810      	ldr	r0, [pc, #64]	@ (0x840)
 7fe:	6001      	str	r1, [r0, #0]
 800:	4770      	bx	lr		@ ret


__sub__0802:
	# setup RCC_CFGR.PPRE2 from r0  // APB2 HCLK

 802:	2100      	movs	r1, #0
 804:	4a0e      	ldr	r2, [pc, #56]	@ (0x840)  {40021004}
 806:	6812      	ldr	r2, [r2, #0]
 808:	0011      	movs	r1, r2
 80a:	f431 5160 	bics.w	r1, r1, #14336	@ 0x3800
 80e:	ea51 01c0 	orrs.w	r1, r1, r0, lsl #3
 812:	480b      	ldr	r0, [pc, #44]	@ (0x840)
 814:	6001      	str	r1, [r0, #0]

 816:	4770      	bx	lr		@ ret


 818:	492e      	ldr	r1, [pc, #184]	@ (0x8d4)
 81a:	2200      	movs	r2, #0
 81c:	700a      	strb	r2, [r1, #0]
 81e:	492d      	ldr	r1, [pc, #180]	@ (0x8d4)
 820:	2200      	movs	r2, #0
 822:	700a      	strb	r2, [r1, #0]
 824:	b2c0      	uxtb	r0, r0
 826:	2801      	cmp	r0, #1
 828:	d002      	beq.n	0x830

 82a:	2804      	cmp	r0, #4
 82c:	d004      	beq.n	0x838

 82e:	e006      	b.n	0x83e


 830:	4828      	ldr	r0, [pc, #160]	@ (0x8d4)
 832:	2101      	movs	r1, #1
 834:	7001      	strb	r1, [r0, #0]
 836:	e002      	b.n	0x83e

 838:	4826      	ldr	r0, [pc, #152]	@ (0x8d4)
 83a:	2105      	movs	r1, #5
 83c:	7001      	strb	r1, [r0, #0]

 83e:	4770      	bx	lr		@ ret

 840:	40021004      

__sub__0844:
	# setup RCC_APB2ENR  ( r0-mask peripheral  r1-0/1-clear/set )

 844:	b2c9      	uxtb	r1, r1
 846:	2900      	cmp	r1, #0
 848:	d005      	beq.n	0x856

 84a:	4906      	ldr	r1, [pc, #24]	@ (0x864)	{40021018} RCC_APB2ENR
 84c:	6809      	ldr	r1, [r1, #0]
 84e:	4308      	orrs	r0, r1
 850:	4904      	ldr	r1, [pc, #16]	@ (0x864)
 852:	6008      	str	r0, [r1, #0]    	@ set by mask r0
 854:	e005      	b.n	0x862

__mm__0856:
 856:	4903      	ldr	r1, [pc, #12]	@ (0x864)
 858:	6809      	ldr	r1, [r1, #0]
 85a:	ea31 0000 	bics.w	r0, r1, r0
 85e:	4901      	ldr	r1, [pc, #4]	@ (0x864)
 860:	6008      	str	r0, [r1, #0]            @ clear by mask r0

__mm__0862:
 862:	4770      	bx	lr


 864:	40021018      	

 868:	b2c9      	uxtb	r1, r1
 86a:	2900      	cmp	r1, #0
 86c:	d005      	beq.n	0x87a
 86e:	4906      	ldr	r1, [pc, #24]	@ (0x888)
 870:	6809      	ldr	r1, [r1, #0]
 872:	4308      	orrs	r0, r1
 874:	4904      	ldr	r1, [pc, #16]	@ (0x888)
 876:	6008      	str	r0, [r1, #0]
 878:	e005      	b.n	0x886
 87a:	4903      	ldr	r1, [pc, #12]	@ (0x888)
 87c:	6809      	ldr	r1, [r1, #0]
 87e:	ea31 0000 	bics.w	r0, r1, r0
 882:	4901      	ldr	r1, [pc, #4]	@ (0x888)
 884:	6008      	str	r0, [r1, #0]
 886:	4770      	bx	lr

 888:	4002101c        

 88c:	b410      	push	{r4}
 88e:	0001      	movs	r1, r0
 890:	2200      	movs	r2, #0
 892:	2300      	movs	r3, #0
 894:	2000      	movs	r0, #0
 896:	b2c9      	uxtb	r1, r1
 898:	094c      	lsrs	r4, r1, #5
 89a:	b2e4      	uxtb	r4, r4
 89c:	0022      	movs	r2, r4
 89e:	2a01      	cmp	r2, #1
 8a0:	d102      	bne.n	0x8a8
 8a2:	480b      	ldr	r0, [pc, #44]	@ (0x8d0)
 8a4:	6803      	ldr	r3, [r0, #0]
 8a6:	e006      	b.n	0x8b6
 8a8:	2a02      	cmp	r2, #2
 8aa:	d102      	bne.n	0x8b2
 8ac:	4809      	ldr	r0, [pc, #36]	@ (0x8d4)
 8ae:	6803      	ldr	r3, [r0, #0]
 8b0:	e001      	b.n	0x8b6
 8b2:	4809      	ldr	r0, [pc, #36]	@ (0x8d8)
 8b4:	6803      	ldr	r3, [r0, #0]
 8b6:	b2c9      	uxtb	r1, r1
 8b8:	f011 021f 	ands.w	r2, r1, #31
 8bc:	2001      	movs	r0, #1
 8be:	4090      	lsls	r0, r2
 8c0:	4203      	tst	r3, r0
 8c2:	d001      	beq.n	0x8c8
 8c4:	2001      	movs	r0, #1
 8c6:	e000      	b.n	0x8ca
 8c8:	2000      	movs	r0, #0
 8ca:	b2c0      	uxtb	r0, r0
 8cc:	bc10      	pop	{r4}
 8ce:	4770      	bx	lr

 8d0:	40021000     
 8d4:	40021020     
 8d8:	40021024     
 8dc:	40021008     

__sub__08e0:
	#

 8e0:	b4f0      +	push	{r4, r5, r6, r7}
 8e2:	2200      +	movs	r2, #0
 8e4:	2600      +	movs	r6, #0
 8e6:	2400      +	movs	r4, #0
 8e8:	2500      +	movs	r5, #0
 8ea:	2300      +	movs	r3, #0
 8ec:	2700      +	movs	r7, #0
 8ee:	f891 c003 +	ldrb.w	ip, [r1, #3]
 8f2:	f01c 0c0f +	ands.w	ip, ip, #15
 8f6:	4662      +	mov	r2, ip		@ r2 = b3 & 0x0F  -  mask for < 16

 8f8:	f891 c003 +	ldrb.w	ip, [r1, #3]
 8fc:	ea5f 6ccc +	movs.w	ip, ip, lsl #27
 900:	d501      +	bpl.n	0x906		@ b3 < 16  ->

	# b3 >= 16
 
 902:	788b      +	ldrb	r3, [r1, #2]
 904:	431a      +	orrs	r2, r3          @ r2 |= r3  { b2 | (b3 & 0x0F) }

__mm__0906:
 906:	880b      +	ldrh	r3, [r1, #0]	@ r3 = h0
 908:	061b      +	lsls	r3, r3, #24
 90a:	d021      +	beq.n	0x950           @ (byte)r3 == 0  -->

 90c:	6803      	ldr	r3, [r0, #0]    @ r3 = [r0]
 90e:	2400      	movs	r4, #0          @ r4 = 0
 910:	e006      	b.n	0x920

__mm__0912:
 912:	78cd      	ldrb	r5, [r1, #3]
 914:	2d48      	cmp	r5, #72	@ 0x48
 916:	d102      	bne.n	0x91e           @ b3 != 0x48  -->

 918:	2501      	movs	r5, #1
 91a:	40a5      	lsls	r5, r4
 91c:	6105      	str	r5, [r0, #16]   @ [r0+16] = 1 << r4

__mm__091e:
 91e:	1c64      	adds	r4, r4, #1	@ r4 += 1

__mm__0920:
 920:	2c08      	cmp	r4, #8
 922:	d214      	bcs.n	0x94e

 924:	2501      	movs	r5, #1
 926:	40a5      	lsls	r5, r4
 928:	880e      	ldrh	r6, [r1, #0]
 92a:	402e      	ands	r6, r5
 92c:	42ae      	cmp	r6, r5
 92e:	d1f6      	bne.n	0x91e

 930:	00a5      	lsls	r5, r4, #2
 932:	260f      	movs	r6, #15
 934:	fa16 f705 	lsls.w	r7, r6, r5
 938:	43bb      	bics	r3, r7
 93a:	fa12 f505 	lsls.w	r5, r2, r5
 93e:	432b      	orrs	r3, r5
 940:	78cd      	ldrb	r5, [r1, #3]
 942:	2d28      	cmp	r5, #40	@ 0x28
 944:	d1e5      	bne.n	0x912

 946:	2501      	movs	r5, #1
 948:	40a5      	lsls	r5, r4
 94a:	6145      	str	r5, [r0, #20]
 94c:	e7e7      	b.n	0x91e

__mm__094e:
 94e:	6003      	str	r3, [r0, #0]

__mm__0950:
 950:	880b      +	ldrh	r3, [r1, #0]
 952:	f44f 7480 +	mov.w	r4, #256	@ 0x100
 956:	42a3      +	cmp	r3, r4
 958:	d326      +	bcc.n	0x9a8           @ h0 < 0x100  -->

 95a:	6843      +	ldr	r3, [r0, #4]    @ r3 = [r0+4]
 95c:	2400      +	movs	r4, #0          @ r4 = 0
 95e:	e020      +	b.n	0x9a2

__mm__0960:
 960:	2501      +	movs	r5, #1		
 962:	f114 0608 +	adds.w	r6, r4, #8
 966:	40b5      +	lsls	r5, r6          @ r5 = 1 << (r4 + 8)
 968:	880e      +	ldrh	r6, [r1, #0]
 96a:	402e      +	ands	r6, r5          
 96c:	42ae      +	cmp	r6, r5
 96e:	d117      +	bne.n	0x9a0           @ h0_bit(r4+8) == 0  -->

 970:	00a5      	lsls	r5, r4, #2
 972:	260f      	movs	r6, #15
 974:	fa16 f705 	lsls.w	r7, r6, r5
 978:	43bb      	bics	r3, r7
 97a:	fa12 f505 	lsls.w	r5, r2, r5
 97e:	432b      	orrs	r3, r5
 980:	78cd      	ldrb	r5, [r1, #3]
 982:	2d28      	cmp	r5, #40		@ 0x28
 984:	d104      	bne.n	0x990

 986:	2501      	movs	r5, #1
 988:	f114 0608 	adds.w	r6, r4, #8
 98c:	40b5      	lsls	r5, r6
 98e:	6145      	str	r5, [r0, #20]

__mm__0990:
 990:	78cd      	ldrb	r5, [r1, #3]
 992:	2d48      	cmp	r5, #72		@ 0x48
 994:	d104      	bne.n	0x9a0

 996:	2501      	movs	r5, #1
 998:	f114 0608 	adds.w	r6, r4, #8
 99c:	40b5      	lsls	r5, r6
 99e:	6105      	str	r5, [r0, #16]

__mm__09a0:
 9a0:	1c64      	adds	r4, r4, #1      @ r4 += 1

__mm__09a2:
 9a2:	2c08      +	cmp	r4, #8
 9a4:	d3dc      +	bcc.n	0x960           @ r4 < 8   -->

 9a6:	6043      	str	r3, [r0, #4]

__mm__09a8:
 9a8:	bcf0      	pop	{r4, r5, r6, r7}
 9aa:	4770      	bx	lr			@ ret



 9ac:	0002      	movs	r2, r0
 9ae:	2000      	movs	r0, #0
 9b0:	6892      	ldr	r2, [r2, #8]
 9b2:	420a      	tst	r2, r1
 9b4:	d001      	beq.n	0x9ba
 9b6:	2001      	movs	r0, #1
 9b8:	e000      	b.n	0x9bc
 9ba:	2000      	movs	r0, #0
 9bc:	b2c0      	uxtb	r0, r0
 9be:	4770      	bx	lr
 9c0:	b289      	uxth	r1, r1
 9c2:	6101      	str	r1, [r0, #16]
 9c4:	4770      	bx	lr		@ ret

__sub__09c6:
	# zexth r1 -> [r0 + 0x14]    {GPIOx reset ODR bit}

 9c6:	b289      	uxth	r1, r1
 9c8:	6141      	str	r1, [r0, #20]
 9ca:	4770      	bx	lr	        @ ret


 9cc:	bf30      	wfi
 9ce:	4770      	bx	lr
 9d0:	bf20      	wfe
 9d2:	4770      	bx	lr
 9d4:	bf40      	sev
 9d6:	4770      	bx	lr
 9d8:	f3bf 8f6f 	isb	sy
 9dc:	4770      	bx	lr
 9de:	f3bf 8f4f 	dsb	sy
 9e2:	4770      	bx	lr
 9e4:	f3bf 8f5f 	dmb	sy
 9e8:	4770      	bx	lr
 9ea:	df01      	svc	1
 9ec:	4770      	bx	lr
 9ee:	f3ef 8014 	mrs	r0, CONTROL
 9f2:	4770      	bx	lr
 9f4:	f380 8814 	msr	CONTROL, r0
 9f8:	f3bf 8f6f 	isb	sy
 9fc:	4770      	bx	lr
 9fe:	f3ef 8009 	mrs	r0, PSP
 a02:	4770      	bx	lr
 a04:	f380 8809 	msr	PSP, r0
 a08:	4770      	bx	lr
 a0a:	f3ef 8008 	mrs	r0, MSP
 a0e:	4770      	bx	lr
 a10:	f380 8808 	msr	MSP, r0
 a14:	4770      	bx	lr
 a16:	b662      	cpsie	i
 a18:	4770      	bx	lr
 a1a:	b672      	cpsid	i
 a1c:	4770      	bx	lr
 a1e:	f3ef 8010 	mrs	r0, PRIMASK
 a22:	4770      	bx	lr
 a24:	b661      	cpsie	f
 a26:	4770      	bx	lr
 a28:	b671      	cpsid	f
 a2a:	4770      	bx	lr
 a2c:	f3ef 8013 	mrs	r0, FAULTMASK
 a30:	4770      	bx	lr
 a32:	f380 8811 	msr	BASEPRI, r0
 a36:	4770      	bx	lr
 a38:	f3ef 8012 	mrs	r0, BASEPRI_MAX
 a3c:	4770      	bx	lr
 a3e:	ba40      	rev16	r0, r0
 a40:	4770      	bx	lr
 a42:	ba00      	rev	r0, r0
 a44:	4770      	bx	lr
 a46:	0000      	movs	r0, r0

 a48:	4770      	bx	lr
 a4a:	e7fe      	b.n	0xa4a
 a4c:	e7fe      	b.n	0xa4c
 a4e:	e7fe      	b.n	0xa4e
 a50:	e7fe      	b.n	0xa50
 a52:	4770      	bx	lr
 a54:	4770      	bx	lr
 a56:	4770      	bx	lr

 a58:	4802      	ldr	r0, [pc, #8]	@ (0xa64)
 a5a:	6800      	ldr	r0, [r0, #0]
 a5c:	1e40      	subs	r0, r0, #1
 a5e:	4901      	ldr	r1, [pc, #4]	@ (0xa64)
 a60:	6008      	str	r0, [r1, #0]
 a62:	4770      	bx	lr

 a64:	0418      	lsls	r0, r3, #16
 a66:	2000      	movs	r0, #0
 a68:	4770      	bx	lr
 a6a:	4770      	bx	lr
 a6c:	4770      	bx	lr
 a6e:	4770      	bx	lr
 a70:	4770      	bx	lr
 a72:	4770      	bx	lr
 a74:	4770      	bx	lr
 a76:	4770      	bx	lr
 a78:	4770      	bx	lr
 a7a:	4770      	bx	lr
 a7c:	4770      	bx	lr
 a7e:	4770      	bx	lr
 a80:	4770      	bx	lr
 a82:	4770      	bx	lr
 a84:	4770      	bx	lr
 a86:	4770      	bx	lr
 a88:	4770      	bx	lr
 a8a:	4770      	bx	lr
 a8c:	4770      	bx	lr
 a8e:	4770      	bx	lr
 a90:	4770      	bx	lr
 a92:	4770      	bx	lr
 a94:	4770      	bx	lr
 a96:	4770      	bx	lr
 a98:	4770      	bx	lr
 a9a:	4770      	bx	lr
 a9c:	4770      	bx	lr
 a9e:	4770      	bx	lr
 aa0:	4770      	bx	lr
 aa2:	4770      	bx	lr
 aa4:	4770      	bx	lr
 aa6:	4770      	bx	lr
 aa8:	4770      	bx	lr
 aaa:	4770      	bx	lr
 aac:	4770      	bx	lr
 aae:	4770      	bx	lr
 ab0:	4770      	bx	lr
 ab2:	4770      	bx	lr
 ab4:	4770      	bx	lr
 ab6:	4770      	bx	lr
 ab8:	4770      	bx	lr
 aba:	0000      	movs	r0, r0
 abc:	4902      	ldr	r1, [pc, #8]	@ (0xac8)
 abe:	4308      	orrs	r0, r1
 ac0:	4902      	ldr	r1, [pc, #8]	@ (0xacc)
 ac2:	6008      	str	r0, [r1, #0]
 ac4:	4770      	bx	lr
 ac6:	bf00      	nop
 ac8:	0000      	movs	r0, r0
 aca:	05fa      	lsls	r2, r7, #23
 acc:	ed0c e000 	stc	0, cr14, [ip, #-0]
 ad0:	4a02      	ldr	r2, [pc, #8]	@ (0xadc)
 ad2:	4011      	ands	r1, r2
 ad4:	4308      	orrs	r0, r1
 ad6:	4902      	ldr	r1, [pc, #8]	@ (0xae0)
 ad8:	6008      	str	r0, [r1, #0]
 ada:	4770      	bx	lr
 adc:	ff80 1fff 			@ <UNDEFINED> instruction: 0xff801fff
 ae0:	ed08 e000 	stc	0, cr14, [r8, #-0]

 ae4:	08000b31     
 ae8:	00000020     
 aec:	20000400     
 af0:	00000000     

__sub__0af4:
 af4:	b510      	push	{r4, lr}
 af6:	4805      	ldr	r0, [pc, #20]	@ (0xb0c) {08000ae4}
 af8:	4c05      	ldr	r4, [pc, #20]	@ (0xb10) {08000af4}
 afa:	42a0      	cmp	r0, r4
 afc:	d004      	beq.n	0xb08

__mm__0afe:
 afe:	f850 1b04 	ldr.w	r1, [r0], #4
 b02:	4788      	blx	r1

 b04:	42a0      	cmp	r0, r4
 b06:	d1fa      	bne.n	0xafe
__mm__0b08:
 b08:	bd10      	pop	{r4, pc}     	@ ret

 b0a:	bf00      	nop

 b0c:	08000ae4      
 b10:	08000af4      

__mm__0b14:
 b14:	b500      	push	{lr}
 b16:	4a05      	ldr	r2, [pc, #20]	@ (0xb2c) {2000041c}	
 b18:	6810      	ldr	r0, [r2, #0]
 b1a:	2800      	cmp	r0, #0
 b1c:	d004      	beq.n	0xb28

 b1e:	0011      	movs	r1, r2
 b20:	2002      	movs	r0, #2
 b22:	beab      	bkpt	0x00ab
 b24:	2000      	movs	r0, #0
 b26:	6010      	str	r0, [r2, #0]
__mm__0b28:
 b28:	bd00      	pop	{pc}		@ ret

 b2a:	0000      	

 b2c:	2000041c      	

__mm__0b30:
 b30:	2300      	movs	r3, #0
 b32:	e005      	b.n	0xb40

__mm__0b34:
 b34:	f850 1b04 	ldr.w	r1, [r0], #4

__mm__0b38:
 b38:	f841 3b04 	str.w	r3, [r1], #4
 b3c:	1f12      	subs	r2, r2, #4
 b3e:	d1fb      	bne.n	0xb38

__mm__0b40:
 b40:	f850 2b04 	ldr.w	r2, [r0], #4
 b44:	2a00      	cmp	r2, #0
 b46:	d1f5      	bne.n	0xb34

 b48:	4770      	bx	lr		@ ret

 b4a:	0000      	movs	r0, r0

_Start:
 b4c:	f000 f822 	bl	0x0b94

 b50:	2800      	cmp	r0, #0
 b52:	d001      	beq.n	0xb58

 b54:	f7ff ffce 	bl	0xaf4

__mm__0b58:
 b58:	2000      	movs	r0, #0
 b5a:	f7ff fb3b 	bl	0x1d4
 b5e:	f000 f816 	bl	0xb8e
 b62:	0000      	movs	r0, r0

__mm__0b64:
 b64:	b580      	push	{r7, lr}	

 b66:	f7ff ffd5 	bl	0xb14

 b6a:	4a02      	ldr	r2, [pc, #8]	@ (0xb74) {00020026}
__mm__0b6c:
 b6c:	0011      	movs	r1, r2
 b6e:	2018      	movs	r0, #24
 b70:	beab      	bkpt	0x00ab
 b72:	e7fb      	b.n	0xb6c


 b74:	00020026      

 b78:	4901      	ldr	r1, [pc, #4]	@ (0x0b80) {420e0020}
 b7a:	b2c0      	uxtb	r0, r0
 b7c:	6008      	str	r0, [r1, #0]
 b7e:	4770      	bx	lr		@ ret

 b80:	420e0020

__mm__0b84:
 b84:	4607      	mov	r7, r0
__mm__0b86:
 b86:	4638      	mov	r0, r7
 b88:	f7ff ffec 	bl	0xb64

 b8c:	e7fb      	b.n	0xb86

__mm__0b8e:
 b8e:	b580      	push	{r7, lr}	
 b90:	f7ff bff8 	b.w	0x0b84

__sub__0b94:
 b94:	2001      	movs	r0, #1
 b96:	4770      	bx	lr		@ ret


 b98:	ffff ffff 			@ <UNDEFINED> instruction: 0xffffffff
 b9c:	ffff ffff 			@ <UNDEFINED> instruction: 0xffffffff
 ba0:	ffff ffff 			@ <UNDEFINED> instruction: 0xffffffff
 ba4:	ffff ffff 			@ <UNDEFINED> instruction: 0xffffffff
 ba8:	ffff ffff 			@ <UNDEFINED> instruction: 0xffffffff
 bac:	ffff ffff 			@ <UNDEFINED> instruction: 0xffffffff
 bb0:	ffff ffff 			@ <UNDEFINED> instruction: 0xffffffff
 bb4:	ffff ffff 			@ <UNDEFINED> instruction: 0xffffffff
 bb8:	ffff ffff 			@ <UNDEFINED> instruction: 0xffffffff
 bbc:	ffff ffff 			@ <UNDEFINED> instruction: 0xffffffff
 bc0:	ffff ffff 			@ <UNDEFINED> instruction: 0xffffffff
 bc4:	ffff ffff 			@ <UNDEFINED> instruction: 0xffffffff
 bc8:	ffff ffff 			@ <UNDEFINED> instruction: 0xffffffff
 bcc:	ffff ffff 			@ <UNDEFINED> instruction: 0xffffffff
 bd0:	ffff ffff 			@ <UNDEFINED> instruction: 0xffffffff
 bd4:	ffff ffff 			@ <UNDEFINED> instruction: 0xffffffff
 bd8:	ffff ffff 			@ <UNDEFINED> instruction: 0xffffffff
 bdc:	ffff ffff 			@ <UNDEFINED> instruction: 0xffffffff
 be0:	ffff ffff 			@ <UNDEFINED> instruction: 0xffffffff
 be4:	ffff ffff 			@ <UNDEFINED> instruction: 0xffffffff
 be8:	ffff ffff 			@ <UNDEFINED> instruction: 0xffffffff
 bec:	ffff ffff 			@ <UNDEFINED> instruction: 0xffffffff
 bf0:	ffff ffff 			@ <UNDEFINED> instruction: 0xffffffff
 bf4:	ffff ffff 			@ <UNDEFINED> instruction: 0xffffffff
 bf8:	ffff ffff 			@ <UNDEFINED> instruction: 0xffffffff
 bfc:	ffff ffff 			@ <UNDEFINED> instruction: 0xffffffff
